Crasm LYB 1.3:                                                   page  1

                         1      CPU 65c02
                         2      OUTPUT HEX
                         3      INCLUDE spec
  6B05                   4      * = PATCH_AT+$4000
                         5  
                         6  ;Look for this bit to patch.
6B05 A9FF                7      LDA #$FF
6B07 A2FF                8      LDX #$FF
6B09 8D8D03              9      STA CMP_VAR1
6B0C 8E8E03             10      STX CMP_VAR2
6B0F 60                 11      RTS
                        12  

ERRORS:       0
WARNINGS:     0

Successful assembly...
 Last address     6b0f (27407)
 Code length        16 (22)













































Crasm LYB 1.3:                                                   page  2

 038D   Abs CMP_VAR1                                         
 038E   Abs CMP_VAR2                                         
?0010   Abs CONF_BPP                                         
?0000   Abs CONF_PROTO                                       
?0080   Abs CONF_XRES                                        
?0080   Abs CONF_YRES                                        
?0000   Abs CTRTYPE                                          
?3715   Abs EMPTY_AT                                         
?037F   Abs LEN0                                             
?0380   Abs LEN1                                             
?0381   Abs LEN2                                             
?0382   Abs LEN3                                             
?0004   Abs OFFX                                             
?0004   Abs OFFY                                             
 2B05   Abs PATCH_AT                                         
?29CD   Abs SEND_CSW                                         
















































