This file contains any messages produced by compilers while
running configure, to aid debugging if configure makes a mistake.

It was created by pport configure 0.6.8, which was
generated by GNU Autoconf 2.59.  Invocation command line was

  $ ./configure 

## --------- ##
## Platform. ##
## --------- ##

hostname = maddocks-Q552UB
uname -m = x86_64
uname -r = 4.8.11-hipower-plain
uname -s = Linux
uname -v = #8 SMP Fri Feb 10 23:34:37 EST 2017

/usr/bin/uname -p = unknown
/bin/uname -X     = unknown

/bin/arch              = unknown
/usr/bin/arch -k       = unknown
/usr/convex/getsysinfo = unknown
hostinfo               = unknown
/bin/machine           = unknown
/usr/bin/oslevel       = unknown
/bin/universe          = unknown

PATH: /opt/shashlik/bin
PATH: /opt/vlc/lib
PATH: /home/maddocks/bin
PATH: /usr/local/sbin
PATH: /usr/local/bin
PATH: /usr/sbin
PATH: /usr/bin
PATH: /sbin
PATH: /bin
PATH: /usr/games
PATH: /usr/local/games
PATH: /snap/bin
PATH: /home/maddocks/bin/nrf-connect
PATH: /opt/sunxi/tools
PATH: /opt/sunxi/tools/bin
PATH: /opt/mx5000/bin
PATH: /opt/neardal/bin
PATH: /opt/vlc/lib
PATH: /home/maddocks/bin/nrf-connect
PATH: /opt/shashlik/bin
PATH: /opt/vlc/lib
PATH: /home/maddocks/bin/nrf-connect
PATH: /opt/sunxi/tools
PATH: /opt/sunxi/tools/bin
PATH: /opt/gtkdialog/gtk2/bin
PATH: /opt/gtkdialog/gtk3/bin
PATH: /opt/java/jdk1.6.0_45/bin
PATH: /opt/freenect/bin
PATH: /opt/mx5000/bin
PATH: /opt/neardal/bin
PATH: /home/maddocks/bin
PATH: /opt/shashlik/bin
PATH: /opt/vlc/lib
PATH: /home/maddocks/bin/nrf-connect
PATH: /opt/sunxi/tools
PATH: /opt/sunxi/tools/bin
PATH: /opt/gtkdialog/gtk2/bin
PATH: /opt/gtkdialog/gtk3/bin
PATH: /opt/java/jdk1.6.0_45/bin
PATH: /opt/freenect/bin
PATH: /opt/mx5000/bin
PATH: /opt/neardal/bin
PATH: /usr/local/sbin
PATH: /usr/local/bin
PATH: /usr/sbin
PATH: /usr/bin
PATH: /sbin
PATH: /bin
PATH: /usr/games
PATH: /usr/local/games
PATH: /snap/bin


## ----------- ##
## Core tests. ##
## ----------- ##

configure:1390: checking for a BSD-compatible install
configure:1445: result: /usr/bin/install -c
configure:1456: checking whether build environment is sane
configure:1499: result: yes
configure:1564: checking for gawk
configure:1580: found /usr/bin/gawk
configure:1590: result: gawk
configure:1600: checking whether make sets $(MAKE)
configure:1620: result: yes
configure:1793: checking whether to enable maintainer-specific portions of Makefiles
configure:1802: result: no
configure:1866: checking for gcc
configure:1892: result: ccache gcc
configure:2136: checking for C compiler version
configure:2139: ccache gcc --version </dev/null >&5
gcc (Ubuntu 5.4.0-6ubuntu1~16.04.4) 5.4.0 20160609
Copyright (C) 2015 Free Software Foundation, Inc.
This is free software; see the source for copying conditions.  There is NO
warranty; not even for MERCHANTABILITY or FITNESS FOR A PARTICULAR PURPOSE.

configure:2142: $? = 0
configure:2144: ccache gcc -v </dev/null >&5
Using built-in specs.
COLLECT_GCC=/usr/bin/gcc
COLLECT_LTO_WRAPPER=/usr/lib/gcc/x86_64-linux-gnu/5/lto-wrapper
Target: x86_64-linux-gnu
Configured with: ../src/configure -v --with-pkgversion='Ubuntu 5.4.0-6ubuntu1~16.04.4' --with-bugurl=file:///usr/share/doc/gcc-5/README.Bugs --enable-languages=c,ada,c++,java,go,d,fortran,objc,obj-c++ --prefix=/usr --program-suffix=-5 --enable-shared --enable-linker-build-id --libexecdir=/usr/lib --without-included-gettext --enable-threads=posix --libdir=/usr/lib --enable-nls --with-sysroot=/ --enable-clocale=gnu --enable-libstdcxx-debug --enable-libstdcxx-time=yes --with-default-libstdcxx-abi=new --enable-gnu-unique-object --disable-vtable-verify --enable-libmpx --enable-plugin --with-system-zlib --disable-browser-plugin --enable-java-awt=gtk --enable-gtk-cairo --with-java-home=/usr/lib/jvm/java-1.5.0-gcj-5-amd64/jre --enable-java-home --with-jvm-root-dir=/usr/lib/jvm/java-1.5.0-gcj-5-amd64 --with-jvm-jar-dir=/usr/lib/jvm-exports/java-1.5.0-gcj-5-amd64 --with-arch-directory=amd64 --with-ecj-jar=/usr/share/java/eclipse-ecj.jar --enable-objc-gc --enable-multiarch --disable-werror --with-arch-32=i686 --with-abi=m64 --with-multilib-list=m32,m64,mx32 --enable-multilib --with-tune=generic --enable-checking=release --build=x86_64-linux-gnu --host=x86_64-linux-gnu --target=x86_64-linux-gnu
Thread model: posix
gcc version 5.4.0 20160609 (Ubuntu 5.4.0-6ubuntu1~16.04.4) 
configure:2147: $? = 0
configure:2149: ccache gcc -V </dev/null >&5
gcc: error: unrecognized command line option '-V'
gcc: fatal error: no input files
compilation terminated.
configure:2152: $? = 1
configure:2175: checking for C compiler default output file name
configure:2178: ccache gcc    conftest.c  >&5
configure:2181: $? = 0
configure:2227: result: a.out
configure:2232: checking whether the C compiler works
configure:2238: ./a.out
configure:2241: $? = 0
configure:2258: result: yes
configure:2265: checking whether we are cross compiling
configure:2267: result: no
configure:2270: checking for suffix of executables
configure:2272: ccache gcc -o conftest    conftest.c  >&5
configure:2275: $? = 0
configure:2300: result: 
configure:2306: checking for suffix of object files
configure:2327: ccache gcc -c   conftest.c >&5
configure:2330: $? = 0
configure:2352: result: o
configure:2356: checking whether we are using the GNU C compiler
configure:2380: ccache gcc -c   conftest.c >&5
configure:2386: $? = 0
configure:2390: test -z 
			 || test ! -s conftest.err
configure:2393: $? = 0
configure:2396: test -s conftest.o
configure:2399: $? = 0
configure:2412: result: yes
configure:2418: checking whether ccache gcc accepts -g
configure:2439: ccache gcc -c -g  conftest.c >&5
configure:2445: $? = 0
configure:2449: test -z 
			 || test ! -s conftest.err
configure:2452: $? = 0
configure:2455: test -s conftest.o
configure:2458: $? = 0
configure:2469: result: yes
configure:2486: checking for ccache gcc option to accept ANSI C
configure:2556: ccache gcc  -c -g -O2  conftest.c >&5
configure:2562: $? = 0
configure:2566: test -z 
			 || test ! -s conftest.err
configure:2569: $? = 0
configure:2572: test -s conftest.o
configure:2575: $? = 0
configure:2593: result: none needed
configure:2611: ccache gcc -c -g -O2  conftest.c >&5
conftest.c:2:3: error: unknown type name 'choke'
   choke me
   ^
conftest.c:2:3: error: expected '=', ',', ';', 'asm' or '__attribute__' at end of input
configure:2617: $? = 1
configure: failed program was:
| #ifndef __cplusplus
|   choke me
| #endif
configure:2761: checking for style of include used by make
configure:2789: result: GNU
configure:2817: checking dependency style of ccache gcc
configure:2907: result: gcc3
configure:3018: checking for C++ compiler version
configure:3021: ccache g++ --version </dev/null >&5
g++ (Ubuntu 5.4.0-6ubuntu1~16.04.4) 5.4.0 20160609
Copyright (C) 2015 Free Software Foundation, Inc.
This is free software; see the source for copying conditions.  There is NO
warranty; not even for MERCHANTABILITY or FITNESS FOR A PARTICULAR PURPOSE.

configure:3024: $? = 0
configure:3026: ccache g++ -v </dev/null >&5
Using built-in specs.
COLLECT_GCC=/usr/bin/g++
COLLECT_LTO_WRAPPER=/usr/lib/gcc/x86_64-linux-gnu/5/lto-wrapper
Target: x86_64-linux-gnu
Configured with: ../src/configure -v --with-pkgversion='Ubuntu 5.4.0-6ubuntu1~16.04.4' --with-bugurl=file:///usr/share/doc/gcc-5/README.Bugs --enable-languages=c,ada,c++,java,go,d,fortran,objc,obj-c++ --prefix=/usr --program-suffix=-5 --enable-shared --enable-linker-build-id --libexecdir=/usr/lib --without-included-gettext --enable-threads=posix --libdir=/usr/lib --enable-nls --with-sysroot=/ --enable-clocale=gnu --enable-libstdcxx-debug --enable-libstdcxx-time=yes --with-default-libstdcxx-abi=new --enable-gnu-unique-object --disable-vtable-verify --enable-libmpx --enable-plugin --with-system-zlib --disable-browser-plugin --enable-java-awt=gtk --enable-gtk-cairo --with-java-home=/usr/lib/jvm/java-1.5.0-gcj-5-amd64/jre --enable-java-home --with-jvm-root-dir=/usr/lib/jvm/java-1.5.0-gcj-5-amd64 --with-jvm-jar-dir=/usr/lib/jvm-exports/java-1.5.0-gcj-5-amd64 --with-arch-directory=amd64 --with-ecj-jar=/usr/share/java/eclipse-ecj.jar --enable-objc-gc --enable-multiarch --disable-werror --with-arch-32=i686 --with-abi=m64 --with-multilib-list=m32,m64,mx32 --enable-multilib --with-tune=generic --enable-checking=release --build=x86_64-linux-gnu --host=x86_64-linux-gnu --target=x86_64-linux-gnu
Thread model: posix
gcc version 5.4.0 20160609 (Ubuntu 5.4.0-6ubuntu1~16.04.4) 
configure:3029: $? = 0
configure:3031: ccache g++ -V </dev/null >&5
g++: error: unrecognized command line option '-V'
g++: fatal error: no input files
compilation terminated.
configure:3034: $? = 1
configure:3037: checking whether we are using the GNU C++ compiler
configure:3061: ccache g++ -c   conftest.cc >&5
configure:3067: $? = 0
configure:3071: test -z 
			 || test ! -s conftest.err
configure:3074: $? = 0
configure:3077: test -s conftest.o
configure:3080: $? = 0
configure:3093: result: yes
configure:3099: checking whether ccache g++ accepts -g
configure:3120: ccache g++ -c -g  conftest.cc >&5
configure:3126: $? = 0
configure:3130: test -z 
			 || test ! -s conftest.err
configure:3133: $? = 0
configure:3136: test -s conftest.o
configure:3139: $? = 0
configure:3150: result: yes
configure:3192: ccache g++ -c -g -O2  conftest.cc >&5
configure:3198: $? = 0
configure:3202: test -z 
			 || test ! -s conftest.err
configure:3205: $? = 0
configure:3208: test -s conftest.o
configure:3211: $? = 0
configure:3237: ccache g++ -c -g -O2  conftest.cc >&5
conftest.cc: In function 'int main()':
conftest.cc:15:9: error: 'exit' was not declared in this scope
 exit (42);
         ^
configure:3243: $? = 1
configure: failed program was:
| /* confdefs.h.  */
| 
| #define PACKAGE_NAME "pport"
| #define PACKAGE_TARNAME "pport"
| #define PACKAGE_VERSION "0.6.8"
| #define PACKAGE_STRING "pport 0.6.8"
| #define PACKAGE_BUGREPORT "rain@sevenrains.ro"
| #define PACKAGE "pport"
| #define VERSION "0.6.9"
| /* end confdefs.h.  */
| 
| int
| main ()
| {
| exit (42);
|   ;
|   return 0;
| }
configure:3192: ccache g++ -c -g -O2  conftest.cc >&5
conftest.cc:11:40: error: 'void std::exit(int)' should have been declared inside 'std'
 extern "C" void std::exit (int) throw (); using std::exit;
                                        ^
configure:3198: $? = 1
configure: failed program was:
| /* confdefs.h.  */
| 
| #define PACKAGE_NAME "pport"
| #define PACKAGE_TARNAME "pport"
| #define PACKAGE_VERSION "0.6.8"
| #define PACKAGE_STRING "pport 0.6.8"
| #define PACKAGE_BUGREPORT "rain@sevenrains.ro"
| #define PACKAGE "pport"
| #define VERSION "0.6.9"
| /* end confdefs.h.  */
| extern "C" void std::exit (int) throw (); using std::exit;
| #include <stdlib.h>
| int
| main ()
| {
| exit (42);
|   ;
|   return 0;
| }
configure:3192: ccache g++ -c -g -O2  conftest.cc >&5
conftest.cc:11:31: error: 'void std::exit(int)' should have been declared inside 'std'
 extern "C" void std::exit (int); using std::exit;
                               ^
In file included from conftest.cc:12:0:
/usr/include/stdlib.h:543:71: error: declaration of 'void std::exit(int) throw ()' has a different exception specifier
 extern void exit (int __status) __THROW __attribute__ ((__noreturn__));
                                                                       ^
conftest.cc:11:17: error: from previous declaration 'void std::exit(int)'
 extern "C" void std::exit (int); using std::exit;
                 ^
configure:3198: $? = 1
configure: failed program was:
| /* confdefs.h.  */
| 
| #define PACKAGE_NAME "pport"
| #define PACKAGE_TARNAME "pport"
| #define PACKAGE_VERSION "0.6.8"
| #define PACKAGE_STRING "pport 0.6.8"
| #define PACKAGE_BUGREPORT "rain@sevenrains.ro"
| #define PACKAGE "pport"
| #define VERSION "0.6.9"
| /* end confdefs.h.  */
| extern "C" void std::exit (int); using std::exit;
| #include <stdlib.h>
| int
| main ()
| {
| exit (42);
|   ;
|   return 0;
| }
configure:3192: ccache g++ -c -g -O2  conftest.cc >&5
configure:3198: $? = 0
configure:3202: test -z 
			 || test ! -s conftest.err
configure:3205: $? = 0
configure:3208: test -s conftest.o
configure:3211: $? = 0
configure:3237: ccache g++ -c -g -O2  conftest.cc >&5
configure:3243: $? = 0
configure:3247: test -z 
			 || test ! -s conftest.err
configure:3250: $? = 0
configure:3253: test -s conftest.o
configure:3256: $? = 0
configure:3281: checking dependency style of ccache g++
configure:3371: result: gcc3
configure:3401: checking for a BSD-compatible install
configure:3456: result: /usr/bin/install -c
configure:3467: checking whether make sets $(MAKE)
configure:3487: result: yes
configure:3496: checking whether ln -s works
configure:3500: result: yes
configure:3548: checking for ranlib
configure:3564: found /usr/bin/ranlib
configure:3575: result: ranlib
configure:3730: checking whether to enable debugging
configure:3749: result: no
configure:3756: checking for pthread_create in -lpthread
configure:3786: ccache gcc -o conftest -g -O2   conftest.c -lpthread   >&5
configure:3792: $? = 0
configure:3796: test -z 
			 || test ! -s conftest.err
configure:3799: $? = 0
configure:3802: test -s conftest
configure:3805: $? = 0
configure:3818: result: yes
configure:3837: checking for poptGetContext in -lpopt
configure:3867: ccache gcc -o conftest -g -O2   conftest.c -lpopt  -lpthread  >&5
configure:3873: $? = 0
configure:3877: test -z 
			 || test ! -s conftest.err
configure:3880: $? = 0
configure:3883: test -s conftest
configure:3886: $? = 0
configure:3899: result: yes
configure:3927: checking how to run the C preprocessor
configure:3962: ccache gcc -E  conftest.c
configure:3968: $? = 0
configure:4000: ccache gcc -E  conftest.c
conftest.c:22:28: fatal error: ac_nonexistent.h: No such file or directory
compilation terminated.
configure:4006: $? = 1
configure: failed program was:
| /* confdefs.h.  */
| 
| #define PACKAGE_NAME "pport"
| #define PACKAGE_TARNAME "pport"
| #define PACKAGE_VERSION "0.6.8"
| #define PACKAGE_STRING "pport 0.6.8"
| #define PACKAGE_BUGREPORT "rain@sevenrains.ro"
| #define PACKAGE "pport"
| #define VERSION "0.6.9"
| #ifdef __cplusplus
| extern "C" void exit (int) throw ();
| #endif
| #define PBASE 0x378
| #define SBASE 0x02f8
| #define __PPDIR__ "/var/log/pport"
| #define OUTPUT "/var/log/pport/output"
| #define INPUT "/var/log/pport/input"
| #define CFGFILE "/etc/pportd.conf"
| #define HAVE_LIBPTHREAD 1
| #define HAVE_LIBPOPT 1
| /* end confdefs.h.  */
| #include <ac_nonexistent.h>
configure:4045: result: ccache gcc -E
configure:4069: ccache gcc -E  conftest.c
configure:4075: $? = 0
configure:4107: ccache gcc -E  conftest.c
conftest.c:22:28: fatal error: ac_nonexistent.h: No such file or directory
compilation terminated.
configure:4113: $? = 1
configure: failed program was:
| /* confdefs.h.  */
| 
| #define PACKAGE_NAME "pport"
| #define PACKAGE_TARNAME "pport"
| #define PACKAGE_VERSION "0.6.8"
| #define PACKAGE_STRING "pport 0.6.8"
| #define PACKAGE_BUGREPORT "rain@sevenrains.ro"
| #define PACKAGE "pport"
| #define VERSION "0.6.9"
| #ifdef __cplusplus
| extern "C" void exit (int) throw ();
| #endif
| #define PBASE 0x378
| #define SBASE 0x02f8
| #define __PPDIR__ "/var/log/pport"
| #define OUTPUT "/var/log/pport/output"
| #define INPUT "/var/log/pport/input"
| #define CFGFILE "/etc/pportd.conf"
| #define HAVE_LIBPTHREAD 1
| #define HAVE_LIBPOPT 1
| /* end confdefs.h.  */
| #include <ac_nonexistent.h>
configure:4157: checking for egrep
configure:4167: result: grep -E
configure:4172: checking for ANSI C header files
configure:4197: ccache gcc -c -g -O2  conftest.c >&5
configure:4203: $? = 0
configure:4207: test -z 
			 || test ! -s conftest.err
configure:4210: $? = 0
configure:4213: test -s conftest.o
configure:4216: $? = 0
configure:4305: ccache gcc -o conftest -g -O2   conftest.c -lpopt -lpthread  >&5
conftest.c: In function 'main':
conftest.c:39:7: warning: implicit declaration of function 'exit' [-Wimplicit-function-declaration]
       exit(2);
       ^
conftest.c:39:7: warning: incompatible implicit declaration of built-in function 'exit'
conftest.c:39:7: note: include '<stdlib.h>' or provide a declaration of 'exit'
conftest.c:40:3: warning: incompatible implicit declaration of built-in function 'exit'
   exit (0);
   ^
conftest.c:40:3: note: include '<stdlib.h>' or provide a declaration of 'exit'
configure:4308: $? = 0
configure:4310: ./conftest
configure:4313: $? = 0
configure:4328: result: yes
configure:4338: checking for sys/wait.h that is POSIX.1 compatible
configure:4369: ccache gcc -c -g -O2  conftest.c >&5
configure:4375: $? = 0
configure:4379: test -z 
			 || test ! -s conftest.err
configure:4382: $? = 0
configure:4385: test -s conftest.o
configure:4388: $? = 0
configure:4399: result: yes
configure:4417: checking for fcntl.h
configure:4436: ccache gcc -c -g -O2  conftest.c >&5
configure:4442: $? = 0
configure:4446: test -z 
			 || test ! -s conftest.err
configure:4449: $? = 0
configure:4452: test -s conftest.o
configure:4455: $? = 0
configure:4466: result: yes
configure:4417: checking for stdlib.h
configure:4436: ccache gcc -c -g -O2  conftest.c >&5
configure:4442: $? = 0
configure:4446: test -z 
			 || test ! -s conftest.err
configure:4449: $? = 0
configure:4452: test -s conftest.o
configure:4455: $? = 0
configure:4466: result: yes
configure:4417: checking for string.h
configure:4436: ccache gcc -c -g -O2  conftest.c >&5
configure:4442: $? = 0
configure:4446: test -z 
			 || test ! -s conftest.err
configure:4449: $? = 0
configure:4452: test -s conftest.o
configure:4455: $? = 0
configure:4466: result: yes
configure:4417: checking for syslog.h
configure:4436: ccache gcc -c -g -O2  conftest.c >&5
configure:4442: $? = 0
configure:4446: test -z 
			 || test ! -s conftest.err
configure:4449: $? = 0
configure:4452: test -s conftest.o
configure:4455: $? = 0
configure:4466: result: yes
configure:4417: checking for unistd.h
configure:4436: ccache gcc -c -g -O2  conftest.c >&5
configure:4442: $? = 0
configure:4446: test -z 
			 || test ! -s conftest.err
configure:4449: $? = 0
configure:4452: test -s conftest.o
configure:4455: $? = 0
configure:4466: result: yes
configure:4493: checking for sys/types.h
configure:4509: ccache gcc -c -g -O2  conftest.c >&5
configure:4515: $? = 0
configure:4519: test -z 
			 || test ! -s conftest.err
configure:4522: $? = 0
configure:4525: test -s conftest.o
configure:4528: $? = 0
configure:4539: result: yes
configure:4493: checking for sys/stat.h
configure:4509: ccache gcc -c -g -O2  conftest.c >&5
configure:4515: $? = 0
configure:4519: test -z 
			 || test ! -s conftest.err
configure:4522: $? = 0
configure:4525: test -s conftest.o
configure:4528: $? = 0
configure:4539: result: yes
configure:4493: checking for stdlib.h
configure:4539: result: yes
configure:4493: checking for string.h
configure:4539: result: yes
configure:4493: checking for memory.h
configure:4509: ccache gcc -c -g -O2  conftest.c >&5
configure:4515: $? = 0
configure:4519: test -z 
			 || test ! -s conftest.err
configure:4522: $? = 0
configure:4525: test -s conftest.o
configure:4528: $? = 0
configure:4539: result: yes
configure:4493: checking for strings.h
configure:4509: ccache gcc -c -g -O2  conftest.c >&5
configure:4515: $? = 0
configure:4519: test -z 
			 || test ! -s conftest.err
configure:4522: $? = 0
configure:4525: test -s conftest.o
configure:4528: $? = 0
configure:4539: result: yes
configure:4493: checking for inttypes.h
configure:4509: ccache gcc -c -g -O2  conftest.c >&5
configure:4515: $? = 0
configure:4519: test -z 
			 || test ! -s conftest.err
configure:4522: $? = 0
configure:4525: test -s conftest.o
configure:4528: $? = 0
configure:4539: result: yes
configure:4493: checking for stdint.h
configure:4509: ccache gcc -c -g -O2  conftest.c >&5
configure:4515: $? = 0
configure:4519: test -z 
			 || test ! -s conftest.err
configure:4522: $? = 0
configure:4525: test -s conftest.o
configure:4528: $? = 0
configure:4539: result: yes
configure:4493: checking for unistd.h
configure:4539: result: yes
configure:4551: checking for stdbool.h that conforms to C99
configure:4604: ccache gcc -c -g -O2  conftest.c >&5
conftest.c:64:28: warning: variably modified 'd' at file scope
  char d[(bool) -0.5 == true ? 1 : -1];
                            ^
conftest.c:66:30: warning: variably modified 'f' at file scope
  char f[(_Bool) -0.0 == false ? 1 : -1];
                              ^
configure:4610: $? = 0
configure:4614: test -z 
			 || test ! -s conftest.err
configure:4617: $? = 0
configure:4620: test -s conftest.o
configure:4623: $? = 0
configure:4634: result: yes
configure:4636: checking for _Bool
configure:4660: ccache gcc -c -g -O2  conftest.c >&5
configure:4666: $? = 0
configure:4670: test -z 
			 || test ! -s conftest.err
configure:4673: $? = 0
configure:4676: test -s conftest.o
configure:4679: $? = 0
configure:4690: result: yes
configure:4709: checking for an ANSI C-conforming const
configure:4776: ccache gcc -c -g -O2  conftest.c >&5
configure:4782: $? = 0
configure:4786: test -z 
			 || test ! -s conftest.err
configure:4789: $? = 0
configure:4792: test -s conftest.o
configure:4795: $? = 0
configure:4806: result: yes
configure:4816: checking for working volatile
configure:4839: ccache gcc -c -g -O2  conftest.c >&5
configure:4845: $? = 0
configure:4849: test -z 
			 || test ! -s conftest.err
configure:4852: $? = 0
configure:4855: test -s conftest.o
configure:4858: $? = 0
configure:4869: result: yes
configure:4881: checking for pid_t
configure:4905: ccache gcc -c -g -O2  conftest.c >&5
configure:4911: $? = 0
configure:4915: test -z 
			 || test ! -s conftest.err
configure:4918: $? = 0
configure:4921: test -s conftest.o
configure:4924: $? = 0
configure:4935: result: yes
configure:4953: checking for unistd.h
configure:4958: result: yes
configure:4962: checking vfork.h usability
configure:4974: ccache gcc -c -g -O2  conftest.c >&5
conftest.c:75:19: fatal error: vfork.h: No such file or directory
compilation terminated.
configure:4980: $? = 1
configure: failed program was:
| /* confdefs.h.  */
| 
| #define PACKAGE_NAME "pport"
| #define PACKAGE_TARNAME "pport"
| #define PACKAGE_VERSION "0.6.8"
| #define PACKAGE_STRING "pport 0.6.8"
| #define PACKAGE_BUGREPORT "rain@sevenrains.ro"
| #define PACKAGE "pport"
| #define VERSION "0.6.9"
| #ifdef __cplusplus
| extern "C" void exit (int) throw ();
| #endif
| #define PBASE 0x378
| #define SBASE 0x02f8
| #define __PPDIR__ "/var/log/pport"
| #define OUTPUT "/var/log/pport/output"
| #define INPUT "/var/log/pport/input"
| #define CFGFILE "/etc/pportd.conf"
| #define HAVE_LIBPTHREAD 1
| #define HAVE_LIBPOPT 1
| #define STDC_HEADERS 1
| #define HAVE_SYS_WAIT_H 1
| #define HAVE_FCNTL_H 1
| #define HAVE_STDLIB_H 1
| #define HAVE_STRING_H 1
| #define HAVE_SYSLOG_H 1
| #define HAVE_UNISTD_H 1
| #define HAVE_SYS_TYPES_H 1
| #define HAVE_SYS_STAT_H 1
| #define HAVE_STDLIB_H 1
| #define HAVE_STRING_H 1
| #define HAVE_MEMORY_H 1
| #define HAVE_STRINGS_H 1
| #define HAVE_INTTYPES_H 1
| #define HAVE_STDINT_H 1
| #define HAVE_UNISTD_H 1
| #define HAVE__BOOL 1
| #define HAVE_STDBOOL_H 1
| #define HAVE_UNISTD_H 1
| /* end confdefs.h.  */
| #include <stdio.h>
| #if HAVE_SYS_TYPES_H
| # include <sys/types.h>
| #endif
| #if HAVE_SYS_STAT_H
| # include <sys/stat.h>
| #endif
| #if STDC_HEADERS
| # include <stdlib.h>
| # include <stddef.h>
| #else
| # if HAVE_STDLIB_H
| #  include <stdlib.h>
| # endif
| #endif
| #if HAVE_STRING_H
| # if !STDC_HEADERS && HAVE_MEMORY_H
| #  include <memory.h>
| # endif
| # include <string.h>
| #endif
| #if HAVE_STRINGS_H
| # include <strings.h>
| #endif
| #if HAVE_INTTYPES_H
| # include <inttypes.h>
| #else
| # if HAVE_STDINT_H
| #  include <stdint.h>
| # endif
| #endif
| #if HAVE_UNISTD_H
| # include <unistd.h>
| #endif
| #include <vfork.h>
configure:5003: result: no
configure:5007: checking vfork.h presence
configure:5017: ccache gcc -E  conftest.c
conftest.c:41:19: fatal error: vfork.h: No such file or directory
compilation terminated.
configure:5023: $? = 1
configure: failed program was:
| /* confdefs.h.  */
| 
| #define PACKAGE_NAME "pport"
| #define PACKAGE_TARNAME "pport"
| #define PACKAGE_VERSION "0.6.8"
| #define PACKAGE_STRING "pport 0.6.8"
| #define PACKAGE_BUGREPORT "rain@sevenrains.ro"
| #define PACKAGE "pport"
| #define VERSION "0.6.9"
| #ifdef __cplusplus
| extern "C" void exit (int) throw ();
| #endif
| #define PBASE 0x378
| #define SBASE 0x02f8
| #define __PPDIR__ "/var/log/pport"
| #define OUTPUT "/var/log/pport/output"
| #define INPUT "/var/log/pport/input"
| #define CFGFILE "/etc/pportd.conf"
| #define HAVE_LIBPTHREAD 1
| #define HAVE_LIBPOPT 1
| #define STDC_HEADERS 1
| #define HAVE_SYS_WAIT_H 1
| #define HAVE_FCNTL_H 1
| #define HAVE_STDLIB_H 1
| #define HAVE_STRING_H 1
| #define HAVE_SYSLOG_H 1
| #define HAVE_UNISTD_H 1
| #define HAVE_SYS_TYPES_H 1
| #define HAVE_SYS_STAT_H 1
| #define HAVE_STDLIB_H 1
| #define HAVE_STRING_H 1
| #define HAVE_MEMORY_H 1
| #define HAVE_STRINGS_H 1
| #define HAVE_INTTYPES_H 1
| #define HAVE_STDINT_H 1
| #define HAVE_UNISTD_H 1
| #define HAVE__BOOL 1
| #define HAVE_STDBOOL_H 1
| #define HAVE_UNISTD_H 1
| /* end confdefs.h.  */
| #include <vfork.h>
configure:5043: result: no
configure:5078: checking for vfork.h
configure:5085: result: no
configure:5103: checking for fork
configure:5160: ccache gcc -o conftest -g -O2   conftest.c -lpopt -lpthread  >&5
conftest.c:65:6: warning: conflicting types for built-in function 'fork'
 char fork ();
      ^
configure:5166: $? = 0
configure:5170: test -z 
			 || test ! -s conftest.err
configure:5173: $? = 0
configure:5176: test -s conftest
configure:5179: $? = 0
configure:5191: result: yes
configure:5103: checking for vfork
configure:5160: ccache gcc -o conftest -g -O2   conftest.c -lpopt -lpthread  >&5
configure:5166: $? = 0
configure:5170: test -z 
			 || test ! -s conftest.err
configure:5173: $? = 0
configure:5176: test -s conftest
configure:5179: $? = 0
configure:5191: result: yes
configure:5202: checking for working fork
configure:5225: ccache gcc -o conftest -g -O2   conftest.c -lpopt -lpthread  >&5
conftest.c: In function 'main':
conftest.c:9:6: warning: implicit declaration of function 'fork' [-Wimplicit-function-declaration]
  if (fork() < 0)
      ^
conftest.c:10:4: warning: implicit declaration of function 'exit' [-Wimplicit-function-declaration]
    exit (1);
    ^
conftest.c:10:4: warning: incompatible implicit declaration of built-in function 'exit'
conftest.c:10:4: note: include '<stdlib.h>' or provide a declaration of 'exit'
conftest.c:11:2: warning: incompatible implicit declaration of built-in function 'exit'
  exit (0);
  ^
conftest.c:11:2: note: include '<stdlib.h>' or provide a declaration of 'exit'
configure:5228: $? = 0
configure:5230: ./conftest
configure:5233: $? = 0
configure:5247: result: yes
configure:5268: checking for working vfork
configure:5401: result: yes
configure:5437: checking for stdlib.h
configure:5442: result: yes
configure:5582: checking for GNU libc compatible malloc
configure:5611: ccache gcc -o conftest -g -O2   conftest.c -lpopt -lpthread  >&5
configure:5614: $? = 0
configure:5616: ./conftest
configure:5619: $? = 0
configure:5633: result: yes
configure:5668: checking for stdlib.h
configure:5673: result: yes
configure:5813: checking for GNU libc compatible realloc
configure:5842: ccache gcc -o conftest -g -O2   conftest.c -lpopt -lpthread  >&5
configure:5845: $? = 0
configure:5847: ./conftest
configure:5850: $? = 0
configure:5864: result: yes
configure:5894: checking return type of signal handlers
configure:5925: ccache gcc -c -g -O2  conftest.c >&5
configure:5931: $? = 0
configure:5935: test -z 
			 || test ! -s conftest.err
configure:5938: $? = 0
configure:5941: test -s conftest.o
configure:5944: $? = 0
configure:5955: result: void
configure:5972: checking for isascii
configure:6029: ccache gcc -o conftest -g -O2   conftest.c -lpopt -lpthread  >&5
conftest.c:74:6: warning: conflicting types for built-in function 'isascii'
 char isascii ();
      ^
configure:6035: $? = 0
configure:6039: test -z 
			 || test ! -s conftest.err
configure:6042: $? = 0
configure:6045: test -s conftest
configure:6048: $? = 0
configure:6060: result: yes
configure:5972: checking for memset
configure:6029: ccache gcc -o conftest -g -O2   conftest.c -lpopt -lpthread  >&5
conftest.c:75:6: warning: conflicting types for built-in function 'memset'
 char memset ();
      ^
configure:6035: $? = 0
configure:6039: test -z 
			 || test ! -s conftest.err
configure:6042: $? = 0
configure:6045: test -s conftest
configure:6048: $? = 0
configure:6060: result: yes
configure:5972: checking for mkdir
configure:6029: ccache gcc -o conftest -g -O2   conftest.c -lpopt -lpthread  >&5
configure:6035: $? = 0
configure:6039: test -z 
			 || test ! -s conftest.err
configure:6042: $? = 0
configure:6045: test -s conftest
configure:6048: $? = 0
configure:6060: result: yes
configure:5972: checking for strchr
configure:6029: ccache gcc -o conftest -g -O2   conftest.c -lpopt -lpthread  >&5
conftest.c:77:6: warning: conflicting types for built-in function 'strchr'
 char strchr ();
      ^
configure:6035: $? = 0
configure:6039: test -z 
			 || test ! -s conftest.err
configure:6042: $? = 0
configure:6045: test -s conftest
configure:6048: $? = 0
configure:6060: result: yes
configure:5972: checking for strerror
configure:6029: ccache gcc -o conftest -g -O2   conftest.c -lpopt -lpthread  >&5
configure:6035: $? = 0
configure:6039: test -z 
			 || test ! -s conftest.err
configure:6042: $? = 0
configure:6045: test -s conftest
configure:6048: $? = 0
configure:6060: result: yes
configure:5972: checking for strstr
configure:6029: ccache gcc -o conftest -g -O2   conftest.c -lpopt -lpthread  >&5
conftest.c:79:6: warning: conflicting types for built-in function 'strstr'
 char strstr ();
      ^
configure:6035: $? = 0
configure:6039: test -z 
			 || test ! -s conftest.err
configure:6042: $? = 0
configure:6045: test -s conftest
configure:6048: $? = 0
configure:6060: result: yes
configure:6202: creating ./config.status

## ---------------------- ##
## Running config.status. ##
## ---------------------- ##

This file was extended by pport config.status 0.6.8, which was
generated by GNU Autoconf 2.59.  Invocation command line was

  CONFIG_FILES    = 
  CONFIG_HEADERS  = 
  CONFIG_LINKS    = 
  CONFIG_COMMANDS = 
  $ ./config.status 

on maddocks-Q552UB

config.status:704: creating makefile
config.status:704: creating src/makefile
config.status:704: creating man/makefile
config.status:808: creating config.h
config.status:1176: executing depfiles commands

## ---------------- ##
## Cache variables. ##
## ---------------- ##

ac_cv_c_compiler_gnu=yes
ac_cv_c_const=yes
ac_cv_c_volatile=yes
ac_cv_cxx_compiler_gnu=yes
ac_cv_env_CC_set=set
ac_cv_env_CC_value='ccache gcc'
ac_cv_env_CFLAGS_set=
ac_cv_env_CFLAGS_value=
ac_cv_env_CPPFLAGS_set=
ac_cv_env_CPPFLAGS_value=
ac_cv_env_CPP_set=
ac_cv_env_CPP_value=
ac_cv_env_CXXFLAGS_set=
ac_cv_env_CXXFLAGS_value=
ac_cv_env_CXX_set=set
ac_cv_env_CXX_value='ccache g++'
ac_cv_env_LDFLAGS_set=
ac_cv_env_LDFLAGS_value=
ac_cv_env_build_alias_set=
ac_cv_env_build_alias_value=
ac_cv_env_host_alias_set=
ac_cv_env_host_alias_value=
ac_cv_env_target_alias_set=
ac_cv_env_target_alias_value=
ac_cv_exeext=
ac_cv_func_fork=yes
ac_cv_func_fork_works=yes
ac_cv_func_isascii=yes
ac_cv_func_malloc_0_nonnull=yes
ac_cv_func_memset=yes
ac_cv_func_mkdir=yes
ac_cv_func_realloc_0_nonnull=yes
ac_cv_func_strchr=yes
ac_cv_func_strerror=yes
ac_cv_func_strstr=yes
ac_cv_func_vfork=yes
ac_cv_func_vfork_works=yes
ac_cv_header_fcntl_h=yes
ac_cv_header_inttypes_h=yes
ac_cv_header_memory_h=yes
ac_cv_header_stdbool_h=yes
ac_cv_header_stdc=yes
ac_cv_header_stdint_h=yes
ac_cv_header_stdlib_h=yes
ac_cv_header_string_h=yes
ac_cv_header_strings_h=yes
ac_cv_header_sys_stat_h=yes
ac_cv_header_sys_types_h=yes
ac_cv_header_sys_wait_h=yes
ac_cv_header_syslog_h=yes
ac_cv_header_unistd_h=yes
ac_cv_header_vfork_h=no
ac_cv_lib_popt_poptGetContext=yes
ac_cv_lib_pthread_pthread_create=yes
ac_cv_objext=o
ac_cv_path_install='/usr/bin/install -c'
ac_cv_prog_AWK=gawk
ac_cv_prog_CPP='ccache gcc -E'
ac_cv_prog_ac_ct_CC='ccache gcc'
ac_cv_prog_ac_ct_RANLIB=ranlib
ac_cv_prog_cc_g=yes
ac_cv_prog_cc_stdc=
ac_cv_prog_cxx_g=yes
ac_cv_prog_egrep='grep -E'
ac_cv_prog_make_make_set=yes
ac_cv_type__Bool=yes
ac_cv_type_pid_t=yes
ac_cv_type_signal=void
am_cv_CC_dependencies_compiler_type=gcc3
am_cv_CXX_dependencies_compiler_type=gcc3

## ----------------- ##
## Output variables. ##
## ----------------- ##

ACLOCAL='${SHELL} /home/maddocks/projects/HARDWARE_parallel-port/pport/pport-0.6.9/missing --run aclocal-1.9'
AMDEPBACKSLASH='\'
AMDEP_FALSE='#'
AMDEP_TRUE=''
AMTAR='${SHELL} /home/maddocks/projects/HARDWARE_parallel-port/pport/pport-0.6.9/missing --run tar'
AUTOCONF='${SHELL} /home/maddocks/projects/HARDWARE_parallel-port/pport/pport-0.6.9/missing --run autoconf'
AUTOHEADER='${SHELL} /home/maddocks/projects/HARDWARE_parallel-port/pport/pport-0.6.9/missing --run autoheader'
AUTOMAKE='${SHELL} /home/maddocks/projects/HARDWARE_parallel-port/pport/pport-0.6.9/missing --run automake-1.9'
AWK='gawk'
CC='ccache gcc'
CCDEPMODE='depmode=gcc3'
CFLAGS='-g -O2'
CPP='ccache gcc -E'
CPPFLAGS=''
CXX='ccache g++'
CXXDEPMODE='depmode=gcc3'
CXXFLAGS='-g -O2'
CYGPATH_W='echo'
DEFS='-DHAVE_CONFIG_H'
DEPDIR='.deps'
ECHO_C=''
ECHO_N='-n'
ECHO_T=''
EGREP='grep -E'
EXEEXT=''
EXP_SYSCONF='/etc/pportd.conf'
INSTALL_DATA='${INSTALL} -m 644'
INSTALL_PROGRAM='${INSTALL}'
INSTALL_SCRIPT='${INSTALL}'
INSTALL_STRIP_PROGRAM='${SHELL} $(install_sh) -c -s'
LDFLAGS=''
LIBOBJS=''
LIBS='-lpopt -lpthread '
LN_S='ln -s'
LTLIBOBJS=''
MAINT='#'
MAINTAINER_MODE_FALSE=''
MAINTAINER_MODE_TRUE='#'
MAKEINFO='${SHELL} /home/maddocks/projects/HARDWARE_parallel-port/pport/pport-0.6.9/missing --run makeinfo'
OBJEXT='o'
PACKAGE='pport'
PACKAGE_BUGREPORT='rain@sevenrains.ro'
PACKAGE_NAME='pport'
PACKAGE_STRING='pport 0.6.8'
PACKAGE_TARNAME='pport'
PACKAGE_VERSION='0.6.8'
PATH_SEPARATOR=':'
RANLIB='ranlib'
SET_MAKE=''
SHELL='/bin/sh'
STRIP=''
VERSION='0.6.9'
ac_ct_CC='ccache gcc'
ac_ct_CXX=''
ac_ct_RANLIB='ranlib'
ac_ct_STRIP=''
am__fastdepCC_FALSE='#'
am__fastdepCC_TRUE=''
am__fastdepCXX_FALSE='#'
am__fastdepCXX_TRUE=''
am__include='include'
am__leading_dot='.'
am__quote=''
am__tar='${AMTAR} chof - "$$tardir"'
am__untar='${AMTAR} xf -'
bindir='${exec_prefix}/bin'
build_alias=''
datadir='${prefix}/share'
exec_prefix='${prefix}'
host_alias=''
includedir='${prefix}/include'
infodir='${prefix}/info'
install_sh='/home/maddocks/projects/HARDWARE_parallel-port/pport/pport-0.6.9/install-sh'
libdir='${exec_prefix}/lib'
libexecdir='${exec_prefix}/libexec'
localstatedir='${prefix}/var'
mandir='${prefix}/man'
mkdir_p='mkdir -p --'
oldincludedir='/usr/include'
prefix='/usr/local'
program_transform_name='s,x,x,'
sbindir='${exec_prefix}/sbin'
sharedstatedir='${prefix}/com'
sysconfdir='/etc'
target_alias=''

## ----------- ##
## confdefs.h. ##
## ----------- ##

#define CFGFILE "/etc/pportd.conf"
#define HAVE_FCNTL_H 1
#define HAVE_FORK 1
#define HAVE_INTTYPES_H 1
#define HAVE_ISASCII 1
#define HAVE_LIBPOPT 1
#define HAVE_LIBPTHREAD 1
#define HAVE_MALLOC 1
#define HAVE_MEMORY_H 1
#define HAVE_MEMSET 1
#define HAVE_MKDIR 1
#define HAVE_REALLOC 1
#define HAVE_STDBOOL_H 1
#define HAVE_STDINT_H 1
#define HAVE_STDLIB_H 1
#define HAVE_STDLIB_H 1
#define HAVE_STDLIB_H 1
#define HAVE_STDLIB_H 1
#define HAVE_STRCHR 1
#define HAVE_STRERROR 1
#define HAVE_STRINGS_H 1
#define HAVE_STRING_H 1
#define HAVE_STRING_H 1
#define HAVE_STRSTR 1
#define HAVE_SYSLOG_H 1
#define HAVE_SYS_STAT_H 1
#define HAVE_SYS_TYPES_H 1
#define HAVE_SYS_WAIT_H 1
#define HAVE_UNISTD_H 1
#define HAVE_UNISTD_H 1
#define HAVE_UNISTD_H 1
#define HAVE_VFORK 1
#define HAVE_WORKING_FORK 1
#define HAVE_WORKING_VFORK 1
#define HAVE__BOOL 1
#define INPUT "/var/log/pport/input"
#define OUTPUT "/var/log/pport/output"
#define PACKAGE "pport"
#define PACKAGE_BUGREPORT "rain@sevenrains.ro"
#define PACKAGE_NAME "pport"
#define PACKAGE_STRING "pport 0.6.8"
#define PACKAGE_TARNAME "pport"
#define PACKAGE_VERSION "0.6.8"
#define PBASE 0x378
#define RETSIGTYPE void
#define SBASE 0x02f8
#define STDC_HEADERS 1
#define VERSION "0.6.9"
#define __PPDIR__ "/var/log/pport"
#endif
#ifdef __cplusplus
extern "C" void exit (int) throw ();

configure: exit 0
