Determining if the pthread_create exist failed with the following output:
Change Dir: /home/maddocks/kernels/linux-4.14.10-gpd/tools/16ton/mtp_adb/mtp-server/obj-x86_64-linux-gnu/CMakeFiles/CMakeTmp

Run Build Command:"/usr/bin/make" "cmTC_21539/fast"
make[1]: Entering directory '/home/maddocks/kernels/linux-4.14.10-gpd/tools/16ton/mtp_adb/mtp-server/obj-x86_64-linux-gnu/CMakeFiles/CMakeTmp'
/usr/bin/make -f CMakeFiles/cmTC_21539.dir/build.make CMakeFiles/cmTC_21539.dir/build
make[2]: Entering directory '/home/maddocks/kernels/linux-4.14.10-gpd/tools/16ton/mtp_adb/mtp-server/obj-x86_64-linux-gnu/CMakeFiles/CMakeTmp'
Building C object CMakeFiles/cmTC_21539.dir/CheckSymbolExists.c.o
/usr/bin/x86_64-linux-gnu-gcc    -g -O2 -fstack-protector-strong -Wformat -Werror=format-security -Wdate-time -D_FORTIFY_SOURCE=2     -o CMakeFiles/cmTC_21539.dir/CheckSymbolExists.c.o   -c /home/maddocks/kernels/linux-4.14.10-gpd/tools/16ton/mtp_adb/mtp-server/obj-x86_64-linux-gnu/CMakeFiles/CMakeTmp/CheckSymbolExists.c
Linking C executable cmTC_21539
/usr/bin/cmake -E cmake_link_script CMakeFiles/cmTC_21539.dir/link.txt --verbose=1
/usr/bin/x86_64-linux-gnu-gcc  -g -O2 -fstack-protector-strong -Wformat -Werror=format-security -Wdate-time -D_FORTIFY_SOURCE=2     -Wl,-Bsymbolic-functions -Wl,-z,relro  CMakeFiles/cmTC_21539.dir/CheckSymbolExists.c.o  -o cmTC_21539 -rdynamic 
CMakeFiles/cmTC_21539.dir/CheckSymbolExists.c.o: In function `main':
/home/maddocks/kernels/linux-4.14.10-gpd/tools/16ton/mtp_adb/mtp-server/obj-x86_64-linux-gnu/CMakeFiles/CMakeTmp/CheckSymbolExists.c:8: undefined reference to `pthread_create'
collect2: error: ld returned 1 exit status
CMakeFiles/cmTC_21539.dir/build.make:97: recipe for target 'cmTC_21539' failed
make[2]: *** [cmTC_21539] Error 1
make[2]: Leaving directory '/home/maddocks/kernels/linux-4.14.10-gpd/tools/16ton/mtp_adb/mtp-server/obj-x86_64-linux-gnu/CMakeFiles/CMakeTmp'
Makefile:126: recipe for target 'cmTC_21539/fast' failed
make[1]: *** [cmTC_21539/fast] Error 2
make[1]: Leaving directory '/home/maddocks/kernels/linux-4.14.10-gpd/tools/16ton/mtp_adb/mtp-server/obj-x86_64-linux-gnu/CMakeFiles/CMakeTmp'

File /home/maddocks/kernels/linux-4.14.10-gpd/tools/16ton/mtp_adb/mtp-server/obj-x86_64-linux-gnu/CMakeFiles/CMakeTmp/CheckSymbolExists.c:
/* */
#include <pthread.h>

int main(int argc, char** argv)
{
  (void)argv;
#ifndef pthread_create
  return ((int*)(&pthread_create))[argc];
#else
  (void)argc;
  return 0;
#endif
}

Determining if the function pthread_create exists in the pthreads failed with the following output:
Change Dir: /home/maddocks/kernels/linux-4.14.10-gpd/tools/16ton/mtp_adb/mtp-server/obj-x86_64-linux-gnu/CMakeFiles/CMakeTmp

Run Build Command:"/usr/bin/make" "cmTC_a7574/fast"
make[1]: Entering directory '/home/maddocks/kernels/linux-4.14.10-gpd/tools/16ton/mtp_adb/mtp-server/obj-x86_64-linux-gnu/CMakeFiles/CMakeTmp'
/usr/bin/make -f CMakeFiles/cmTC_a7574.dir/build.make CMakeFiles/cmTC_a7574.dir/build
make[2]: Entering directory '/home/maddocks/kernels/linux-4.14.10-gpd/tools/16ton/mtp_adb/mtp-server/obj-x86_64-linux-gnu/CMakeFiles/CMakeTmp'
Building C object CMakeFiles/cmTC_a7574.dir/CheckFunctionExists.c.o
/usr/bin/x86_64-linux-gnu-gcc    -g -O2 -fstack-protector-strong -Wformat -Werror=format-security -Wdate-time -D_FORTIFY_SOURCE=2  -DCHECK_FUNCTION_EXISTS=pthread_create   -o CMakeFiles/cmTC_a7574.dir/CheckFunctionExists.c.o   -c /usr/share/cmake-3.5/Modules/CheckFunctionExists.c
Linking C executable cmTC_a7574
/usr/bin/cmake -E cmake_link_script CMakeFiles/cmTC_a7574.dir/link.txt --verbose=1
/usr/bin/x86_64-linux-gnu-gcc  -g -O2 -fstack-protector-strong -Wformat -Werror=format-security -Wdate-time -D_FORTIFY_SOURCE=2  -DCHECK_FUNCTION_EXISTS=pthread_create   -Wl,-Bsymbolic-functions -Wl,-z,relro  CMakeFiles/cmTC_a7574.dir/CheckFunctionExists.c.o  -o cmTC_a7574 -rdynamic -lpthreads 
/usr/bin/ld: cannot find -lpthreads
collect2: error: ld returned 1 exit status
CMakeFiles/cmTC_a7574.dir/build.make:97: recipe for target 'cmTC_a7574' failed
make[2]: *** [cmTC_a7574] Error 1
make[2]: Leaving directory '/home/maddocks/kernels/linux-4.14.10-gpd/tools/16ton/mtp_adb/mtp-server/obj-x86_64-linux-gnu/CMakeFiles/CMakeTmp'
Makefile:126: recipe for target 'cmTC_a7574/fast' failed
make[1]: *** [cmTC_a7574/fast] Error 2
make[1]: Leaving directory '/home/maddocks/kernels/linux-4.14.10-gpd/tools/16ton/mtp_adb/mtp-server/obj-x86_64-linux-gnu/CMakeFiles/CMakeTmp'


