dh_update_autotools_config
override_dh_auto_configure dh_auto_configure
dh_auto_configure
override_dh_auto_build dh_auto_build
override_dh_auto_build dh_auto_build
override_dh_auto_build dh_auto_build
override_dh_auto_build dh_auto_build
override_dh_auto_build dh_auto_build
dh_auto_build
dh_auto_test
dh_prep
dh_auto_install
override_dh_install dh_install
dh_install
dh_installdocs
dh_installchangelogs
dh_installexamples
dh_installman
dh_installinit
dh_lintian
dh_icons
dh_perl
dh_link
dh_strip_nondeterminism
dh_compress
dh_fixperms
dh_strip
dh_makeshlibs
dh_shlibdeps
dh_installdeb
override_dh_gencontrol dh_gencontrol
dh_gencontrol
dh_md5sums
override_dh_builddeb dh_builddeb
override_dh_builddeb dh_builddeb
override_dh_builddeb dh_builddeb
override_dh_builddeb dh_builddeb
override_dh_builddeb dh_builddeb
dh_builddeb
