The system is: Linux - 4.14.14-16ton-gpd-win-gaming-conf - x86_64
Compiling the C compiler identification source file "CMakeCCompilerId.c" succeeded.
Compiler: /usr/bin/ccache gcc
Build flags: 
Id flags: 

The output was:
0


Compilation of the C compiler identification source "CMakeCCompilerId.c" produced "a.out"

The C compiler identification is GNU, found in "/home/maddocks/kernels/linux-gpd-4.14.14/tools/16ton/mtp_adb/mtp-server/build/CMakeFiles/3.5.1/CompilerIdC/a.out"

Compiling the CXX compiler identification source file "CMakeCXXCompilerId.cpp" succeeded.
Compiler: /usr/bin/ccache g++
Build flags: 
Id flags: 

The output was:
0


Compilation of the CXX compiler identification source "CMakeCXXCompilerId.cpp" produced "a.out"

The CXX compiler identification is GNU, found in "/home/maddocks/kernels/linux-gpd-4.14.14/tools/16ton/mtp_adb/mtp-server/build/CMakeFiles/3.5.1/CompilerIdCXX/a.out"

Determining if the C compiler works passed with the following output:
Change Dir: /home/maddocks/kernels/linux-gpd-4.14.14/tools/16ton/mtp_adb/mtp-server/build/CMakeFiles/CMakeTmp

Run Build Command:"/usr/bin/make" "cmTC_2627c/fast"
/usr/bin/make -f CMakeFiles/cmTC_2627c.dir/build.make CMakeFiles/cmTC_2627c.dir/build
make[1]: Entering directory '/home/maddocks/kernels/linux-gpd-4.14.14/tools/16ton/mtp_adb/mtp-server/build/CMakeFiles/CMakeTmp'
Building C object CMakeFiles/cmTC_2627c.dir/testCCompiler.c.o
/usr/bin/ccache  gcc    -o CMakeFiles/cmTC_2627c.dir/testCCompiler.c.o   -c /home/maddocks/kernels/linux-gpd-4.14.14/tools/16ton/mtp_adb/mtp-server/build/CMakeFiles/CMakeTmp/testCCompiler.c
Linking C executable cmTC_2627c
/usr/bin/cmake -E cmake_link_script CMakeFiles/cmTC_2627c.dir/link.txt --verbose=1
/usr/bin/ccache  gcc      CMakeFiles/cmTC_2627c.dir/testCCompiler.c.o  -o cmTC_2627c -rdynamic 
make[1]: Leaving directory '/home/maddocks/kernels/linux-gpd-4.14.14/tools/16ton/mtp_adb/mtp-server/build/CMakeFiles/CMakeTmp'


Detecting C compiler ABI info compiled with the following output:
Change Dir: /home/maddocks/kernels/linux-gpd-4.14.14/tools/16ton/mtp_adb/mtp-server/build/CMakeFiles/CMakeTmp

Run Build Command:"/usr/bin/make" "cmTC_90e15/fast"
/usr/bin/make -f CMakeFiles/cmTC_90e15.dir/build.make CMakeFiles/cmTC_90e15.dir/build
make[1]: Entering directory '/home/maddocks/kernels/linux-gpd-4.14.14/tools/16ton/mtp_adb/mtp-server/build/CMakeFiles/CMakeTmp'
Building C object CMakeFiles/cmTC_90e15.dir/CMakeCCompilerABI.c.o
/usr/bin/ccache  gcc    -o CMakeFiles/cmTC_90e15.dir/CMakeCCompilerABI.c.o   -c /usr/share/cmake-3.5/Modules/CMakeCCompilerABI.c
Linking C executable cmTC_90e15
/usr/bin/cmake -E cmake_link_script CMakeFiles/cmTC_90e15.dir/link.txt --verbose=1
/usr/bin/ccache  gcc     -v CMakeFiles/cmTC_90e15.dir/CMakeCCompilerABI.c.o  -o cmTC_90e15 -rdynamic  
Using built-in specs.
COLLECT_GCC=/usr/bin/gcc
COLLECT_LTO_WRAPPER=/opt/gcc-reptoline/libexec/gcc/x86_64-pc-linux-gnu/7.2.1/lto-wrapper
Target: x86_64-pc-linux-gnu
Configured with: ./configure --enable-lto --program-suffix=-8r --prefix=/opt/gcc-reptoline
Thread model: posix
gcc version 7.2.1 20171218 (GCC) 
COMPILER_PATH=/opt/gcc-reptoline/libexec/gcc/x86_64-pc-linux-gnu/7.2.1/:/opt/gcc-reptoline/libexec/gcc/x86_64-pc-linux-gnu/7.2.1/:/opt/gcc-reptoline/libexec/gcc/x86_64-pc-linux-gnu/:/opt/gcc-reptoline/lib/gcc/x86_64-pc-linux-gnu/7.2.1/:/opt/gcc-reptoline/lib/gcc/x86_64-pc-linux-gnu/
LIBRARY_PATH=/opt/gcc-reptoline/lib/gcc/x86_64-pc-linux-gnu/7.2.1/:/opt/gcc-reptoline/lib/gcc/x86_64-pc-linux-gnu/7.2.1/../../../../lib64/:/lib/x86_64-linux-gnu/:/lib/../lib64/:/usr/lib/x86_64-linux-gnu/:/opt/gcc-reptoline/lib/gcc/x86_64-pc-linux-gnu/7.2.1/../../../:/lib/:/usr/lib/
COLLECT_GCC_OPTIONS='-v' '-o' 'cmTC_90e15' '-rdynamic' '-mtune=generic' '-march=x86-64'
 /opt/gcc-reptoline/libexec/gcc/x86_64-pc-linux-gnu/7.2.1/collect2 -plugin /opt/gcc-reptoline/libexec/gcc/x86_64-pc-linux-gnu/7.2.1/liblto_plugin.so -plugin-opt=/opt/gcc-reptoline/libexec/gcc/x86_64-pc-linux-gnu/7.2.1/lto-wrapper -plugin-opt=-fresolution=/tmp/ccngYejq.res -plugin-opt=-pass-through=-lgcc -plugin-opt=-pass-through=-lgcc_s -plugin-opt=-pass-through=-lc -plugin-opt=-pass-through=-lgcc -plugin-opt=-pass-through=-lgcc_s --eh-frame-hdr -m elf_x86_64 -export-dynamic -dynamic-linker /lib64/ld-linux-x86-64.so.2 -o cmTC_90e15 /usr/lib/x86_64-linux-gnu/crt1.o /usr/lib/x86_64-linux-gnu/crti.o /opt/gcc-reptoline/lib/gcc/x86_64-pc-linux-gnu/7.2.1/crtbegin.o -L/opt/gcc-reptoline/lib/gcc/x86_64-pc-linux-gnu/7.2.1 -L/opt/gcc-reptoline/lib/gcc/x86_64-pc-linux-gnu/7.2.1/../../../../lib64 -L/lib/x86_64-linux-gnu -L/lib/../lib64 -L/usr/lib/x86_64-linux-gnu -L/opt/gcc-reptoline/lib/gcc/x86_64-pc-linux-gnu/7.2.1/../../.. CMakeFiles/cmTC_90e15.dir/CMakeCCompilerABI.c.o -lgcc --as-needed -lgcc_s --no-as-needed -lc -lgcc --as-needed -lgcc_s --no-as-needed /opt/gcc-reptoline/lib/gcc/x86_64-pc-linux-gnu/7.2.1/crtend.o /usr/lib/x86_64-linux-gnu/crtn.o
COLLECT_GCC_OPTIONS='-v' '-o' 'cmTC_90e15' '-rdynamic' '-mtune=generic' '-march=x86-64'
make[1]: Leaving directory '/home/maddocks/kernels/linux-gpd-4.14.14/tools/16ton/mtp_adb/mtp-server/build/CMakeFiles/CMakeTmp'


Parsed C implicit link information from above output:
  link line regex: [^( *|.*[/\])(ld|([^/\]+-)?ld|collect2)[^/\]*( |$)]
  ignore line: [Change Dir: /home/maddocks/kernels/linux-gpd-4.14.14/tools/16ton/mtp_adb/mtp-server/build/CMakeFiles/CMakeTmp]
  ignore line: []
  ignore line: [Run Build Command:"/usr/bin/make" "cmTC_90e15/fast"]
  ignore line: [/usr/bin/make -f CMakeFiles/cmTC_90e15.dir/build.make CMakeFiles/cmTC_90e15.dir/build]
  ignore line: [make[1]: Entering directory '/home/maddocks/kernels/linux-gpd-4.14.14/tools/16ton/mtp_adb/mtp-server/build/CMakeFiles/CMakeTmp']
  ignore line: [Building C object CMakeFiles/cmTC_90e15.dir/CMakeCCompilerABI.c.o]
  ignore line: [/usr/bin/ccache  gcc    -o CMakeFiles/cmTC_90e15.dir/CMakeCCompilerABI.c.o   -c /usr/share/cmake-3.5/Modules/CMakeCCompilerABI.c]
  ignore line: [Linking C executable cmTC_90e15]
  ignore line: [/usr/bin/cmake -E cmake_link_script CMakeFiles/cmTC_90e15.dir/link.txt --verbose=1]
  ignore line: [/usr/bin/ccache  gcc     -v CMakeFiles/cmTC_90e15.dir/CMakeCCompilerABI.c.o  -o cmTC_90e15 -rdynamic  ]
  ignore line: [Using built-in specs.]
  ignore line: [COLLECT_GCC=/usr/bin/gcc]
  ignore line: [COLLECT_LTO_WRAPPER=/opt/gcc-reptoline/libexec/gcc/x86_64-pc-linux-gnu/7.2.1/lto-wrapper]
  ignore line: [Target: x86_64-pc-linux-gnu]
  ignore line: [Configured with: ./configure --enable-lto --program-suffix=-8r --prefix=/opt/gcc-reptoline]
  ignore line: [Thread model: posix]
  ignore line: [gcc version 7.2.1 20171218 (GCC) ]
  ignore line: [COMPILER_PATH=/opt/gcc-reptoline/libexec/gcc/x86_64-pc-linux-gnu/7.2.1/:/opt/gcc-reptoline/libexec/gcc/x86_64-pc-linux-gnu/7.2.1/:/opt/gcc-reptoline/libexec/gcc/x86_64-pc-linux-gnu/:/opt/gcc-reptoline/lib/gcc/x86_64-pc-linux-gnu/7.2.1/:/opt/gcc-reptoline/lib/gcc/x86_64-pc-linux-gnu/]
  ignore line: [LIBRARY_PATH=/opt/gcc-reptoline/lib/gcc/x86_64-pc-linux-gnu/7.2.1/:/opt/gcc-reptoline/lib/gcc/x86_64-pc-linux-gnu/7.2.1/../../../../lib64/:/lib/x86_64-linux-gnu/:/lib/../lib64/:/usr/lib/x86_64-linux-gnu/:/opt/gcc-reptoline/lib/gcc/x86_64-pc-linux-gnu/7.2.1/../../../:/lib/:/usr/lib/]
  ignore line: [COLLECT_GCC_OPTIONS='-v' '-o' 'cmTC_90e15' '-rdynamic' '-mtune=generic' '-march=x86-64']
  link line: [ /opt/gcc-reptoline/libexec/gcc/x86_64-pc-linux-gnu/7.2.1/collect2 -plugin /opt/gcc-reptoline/libexec/gcc/x86_64-pc-linux-gnu/7.2.1/liblto_plugin.so -plugin-opt=/opt/gcc-reptoline/libexec/gcc/x86_64-pc-linux-gnu/7.2.1/lto-wrapper -plugin-opt=-fresolution=/tmp/ccngYejq.res -plugin-opt=-pass-through=-lgcc -plugin-opt=-pass-through=-lgcc_s -plugin-opt=-pass-through=-lc -plugin-opt=-pass-through=-lgcc -plugin-opt=-pass-through=-lgcc_s --eh-frame-hdr -m elf_x86_64 -export-dynamic -dynamic-linker /lib64/ld-linux-x86-64.so.2 -o cmTC_90e15 /usr/lib/x86_64-linux-gnu/crt1.o /usr/lib/x86_64-linux-gnu/crti.o /opt/gcc-reptoline/lib/gcc/x86_64-pc-linux-gnu/7.2.1/crtbegin.o -L/opt/gcc-reptoline/lib/gcc/x86_64-pc-linux-gnu/7.2.1 -L/opt/gcc-reptoline/lib/gcc/x86_64-pc-linux-gnu/7.2.1/../../../../lib64 -L/lib/x86_64-linux-gnu -L/lib/../lib64 -L/usr/lib/x86_64-linux-gnu -L/opt/gcc-reptoline/lib/gcc/x86_64-pc-linux-gnu/7.2.1/../../.. CMakeFiles/cmTC_90e15.dir/CMakeCCompilerABI.c.o -lgcc --as-needed -lgcc_s --no-as-needed -lc -lgcc --as-needed -lgcc_s --no-as-needed /opt/gcc-reptoline/lib/gcc/x86_64-pc-linux-gnu/7.2.1/crtend.o /usr/lib/x86_64-linux-gnu/crtn.o]
    arg [/opt/gcc-reptoline/libexec/gcc/x86_64-pc-linux-gnu/7.2.1/collect2] ==> ignore
    arg [-plugin] ==> ignore
    arg [/opt/gcc-reptoline/libexec/gcc/x86_64-pc-linux-gnu/7.2.1/liblto_plugin.so] ==> ignore
    arg [-plugin-opt=/opt/gcc-reptoline/libexec/gcc/x86_64-pc-linux-gnu/7.2.1/lto-wrapper] ==> ignore
    arg [-plugin-opt=-fresolution=/tmp/ccngYejq.res] ==> ignore
    arg [-plugin-opt=-pass-through=-lgcc] ==> ignore
    arg [-plugin-opt=-pass-through=-lgcc_s] ==> ignore
    arg [-plugin-opt=-pass-through=-lc] ==> ignore
    arg [-plugin-opt=-pass-through=-lgcc] ==> ignore
    arg [-plugin-opt=-pass-through=-lgcc_s] ==> ignore
    arg [--eh-frame-hdr] ==> ignore
    arg [-m] ==> ignore
    arg [elf_x86_64] ==> ignore
    arg [-export-dynamic] ==> ignore
    arg [-dynamic-linker] ==> ignore
    arg [/lib64/ld-linux-x86-64.so.2] ==> ignore
    arg [-o] ==> ignore
    arg [cmTC_90e15] ==> ignore
    arg [/usr/lib/x86_64-linux-gnu/crt1.o] ==> ignore
    arg [/usr/lib/x86_64-linux-gnu/crti.o] ==> ignore
    arg [/opt/gcc-reptoline/lib/gcc/x86_64-pc-linux-gnu/7.2.1/crtbegin.o] ==> ignore
    arg [-L/opt/gcc-reptoline/lib/gcc/x86_64-pc-linux-gnu/7.2.1] ==> dir [/opt/gcc-reptoline/lib/gcc/x86_64-pc-linux-gnu/7.2.1]
    arg [-L/opt/gcc-reptoline/lib/gcc/x86_64-pc-linux-gnu/7.2.1/../../../../lib64] ==> dir [/opt/gcc-reptoline/lib/gcc/x86_64-pc-linux-gnu/7.2.1/../../../../lib64]
    arg [-L/lib/x86_64-linux-gnu] ==> dir [/lib/x86_64-linux-gnu]
    arg [-L/lib/../lib64] ==> dir [/lib/../lib64]
    arg [-L/usr/lib/x86_64-linux-gnu] ==> dir [/usr/lib/x86_64-linux-gnu]
    arg [-L/opt/gcc-reptoline/lib/gcc/x86_64-pc-linux-gnu/7.2.1/../../..] ==> dir [/opt/gcc-reptoline/lib/gcc/x86_64-pc-linux-gnu/7.2.1/../../..]
    arg [CMakeFiles/cmTC_90e15.dir/CMakeCCompilerABI.c.o] ==> ignore
    arg [-lgcc] ==> lib [gcc]
    arg [--as-needed] ==> ignore
    arg [-lgcc_s] ==> lib [gcc_s]
    arg [--no-as-needed] ==> ignore
    arg [-lc] ==> lib [c]
    arg [-lgcc] ==> lib [gcc]
    arg [--as-needed] ==> ignore
    arg [-lgcc_s] ==> lib [gcc_s]
    arg [--no-as-needed] ==> ignore
    arg [/opt/gcc-reptoline/lib/gcc/x86_64-pc-linux-gnu/7.2.1/crtend.o] ==> ignore
    arg [/usr/lib/x86_64-linux-gnu/crtn.o] ==> ignore
  remove lib [gcc]
  remove lib [gcc_s]
  remove lib [gcc]
  remove lib [gcc_s]
  collapse library dir [/opt/gcc-reptoline/lib/gcc/x86_64-pc-linux-gnu/7.2.1] ==> [/opt/gcc-reptoline/lib/gcc/x86_64-pc-linux-gnu/7.2.1]
  collapse library dir [/opt/gcc-reptoline/lib/gcc/x86_64-pc-linux-gnu/7.2.1/../../../../lib64] ==> [/opt/gcc-reptoline/lib64]
  collapse library dir [/lib/x86_64-linux-gnu] ==> [/lib/x86_64-linux-gnu]
  collapse library dir [/lib/../lib64] ==> [/lib64]
  collapse library dir [/usr/lib/x86_64-linux-gnu] ==> [/usr/lib/x86_64-linux-gnu]
  collapse library dir [/opt/gcc-reptoline/lib/gcc/x86_64-pc-linux-gnu/7.2.1/../../..] ==> [/opt/gcc-reptoline/lib]
  implicit libs: [c]
  implicit dirs: [/opt/gcc-reptoline/lib/gcc/x86_64-pc-linux-gnu/7.2.1;/opt/gcc-reptoline/lib64;/lib/x86_64-linux-gnu;/lib64;/usr/lib/x86_64-linux-gnu;/opt/gcc-reptoline/lib]
  implicit fwks: []




Detecting C [-std=c11] compiler features compiled with the following output:
Change Dir: /home/maddocks/kernels/linux-gpd-4.14.14/tools/16ton/mtp_adb/mtp-server/build/CMakeFiles/CMakeTmp

Run Build Command:"/usr/bin/make" "cmTC_831a2/fast"
/usr/bin/make -f CMakeFiles/cmTC_831a2.dir/build.make CMakeFiles/cmTC_831a2.dir/build
make[1]: Entering directory '/home/maddocks/kernels/linux-gpd-4.14.14/tools/16ton/mtp_adb/mtp-server/build/CMakeFiles/CMakeTmp'
Building C object CMakeFiles/cmTC_831a2.dir/feature_tests.c.o
/usr/bin/ccache  gcc   -std=c11 -o CMakeFiles/cmTC_831a2.dir/feature_tests.c.o   -c /home/maddocks/kernels/linux-gpd-4.14.14/tools/16ton/mtp_adb/mtp-server/build/CMakeFiles/feature_tests.c
Linking C executable cmTC_831a2
/usr/bin/cmake -E cmake_link_script CMakeFiles/cmTC_831a2.dir/link.txt --verbose=1
/usr/bin/ccache  gcc      CMakeFiles/cmTC_831a2.dir/feature_tests.c.o  -o cmTC_831a2 -rdynamic 
make[1]: Leaving directory '/home/maddocks/kernels/linux-gpd-4.14.14/tools/16ton/mtp_adb/mtp-server/build/CMakeFiles/CMakeTmp'


    Feature record: C_FEATURE:1c_function_prototypes
    Feature record: C_FEATURE:1c_restrict
    Feature record: C_FEATURE:1c_static_assert
    Feature record: C_FEATURE:1c_variadic_macros


Detecting C [-std=c99] compiler features compiled with the following output:
Change Dir: /home/maddocks/kernels/linux-gpd-4.14.14/tools/16ton/mtp_adb/mtp-server/build/CMakeFiles/CMakeTmp

Run Build Command:"/usr/bin/make" "cmTC_20b89/fast"
/usr/bin/make -f CMakeFiles/cmTC_20b89.dir/build.make CMakeFiles/cmTC_20b89.dir/build
make[1]: Entering directory '/home/maddocks/kernels/linux-gpd-4.14.14/tools/16ton/mtp_adb/mtp-server/build/CMakeFiles/CMakeTmp'
Building C object CMakeFiles/cmTC_20b89.dir/feature_tests.c.o
/usr/bin/ccache  gcc   -std=c99 -o CMakeFiles/cmTC_20b89.dir/feature_tests.c.o   -c /home/maddocks/kernels/linux-gpd-4.14.14/tools/16ton/mtp_adb/mtp-server/build/CMakeFiles/feature_tests.c
Linking C executable cmTC_20b89
/usr/bin/cmake -E cmake_link_script CMakeFiles/cmTC_20b89.dir/link.txt --verbose=1
/usr/bin/ccache  gcc      CMakeFiles/cmTC_20b89.dir/feature_tests.c.o  -o cmTC_20b89 -rdynamic 
make[1]: Leaving directory '/home/maddocks/kernels/linux-gpd-4.14.14/tools/16ton/mtp_adb/mtp-server/build/CMakeFiles/CMakeTmp'


    Feature record: C_FEATURE:1c_function_prototypes
    Feature record: C_FEATURE:1c_restrict
    Feature record: C_FEATURE:0c_static_assert
    Feature record: C_FEATURE:1c_variadic_macros


Detecting C [-std=c90] compiler features compiled with the following output:
Change Dir: /home/maddocks/kernels/linux-gpd-4.14.14/tools/16ton/mtp_adb/mtp-server/build/CMakeFiles/CMakeTmp

Run Build Command:"/usr/bin/make" "cmTC_df51d/fast"
/usr/bin/make -f CMakeFiles/cmTC_df51d.dir/build.make CMakeFiles/cmTC_df51d.dir/build
make[1]: Entering directory '/home/maddocks/kernels/linux-gpd-4.14.14/tools/16ton/mtp_adb/mtp-server/build/CMakeFiles/CMakeTmp'
Building C object CMakeFiles/cmTC_df51d.dir/feature_tests.c.o
/usr/bin/ccache  gcc   -std=c90 -o CMakeFiles/cmTC_df51d.dir/feature_tests.c.o   -c /home/maddocks/kernels/linux-gpd-4.14.14/tools/16ton/mtp_adb/mtp-server/build/CMakeFiles/feature_tests.c
Linking C executable cmTC_df51d
/usr/bin/cmake -E cmake_link_script CMakeFiles/cmTC_df51d.dir/link.txt --verbose=1
/usr/bin/ccache  gcc      CMakeFiles/cmTC_df51d.dir/feature_tests.c.o  -o cmTC_df51d -rdynamic 
make[1]: Leaving directory '/home/maddocks/kernels/linux-gpd-4.14.14/tools/16ton/mtp_adb/mtp-server/build/CMakeFiles/CMakeTmp'


    Feature record: C_FEATURE:1c_function_prototypes
    Feature record: C_FEATURE:0c_restrict
    Feature record: C_FEATURE:0c_static_assert
    Feature record: C_FEATURE:0c_variadic_macros
Determining if the CXX compiler works passed with the following output:
Change Dir: /home/maddocks/kernels/linux-gpd-4.14.14/tools/16ton/mtp_adb/mtp-server/build/CMakeFiles/CMakeTmp

Run Build Command:"/usr/bin/make" "cmTC_80fcc/fast"
/usr/bin/make -f CMakeFiles/cmTC_80fcc.dir/build.make CMakeFiles/cmTC_80fcc.dir/build
make[1]: Entering directory '/home/maddocks/kernels/linux-gpd-4.14.14/tools/16ton/mtp_adb/mtp-server/build/CMakeFiles/CMakeTmp'
Building CXX object CMakeFiles/cmTC_80fcc.dir/testCXXCompiler.cxx.o
/usr/bin/ccache  g++     -o CMakeFiles/cmTC_80fcc.dir/testCXXCompiler.cxx.o -c /home/maddocks/kernels/linux-gpd-4.14.14/tools/16ton/mtp_adb/mtp-server/build/CMakeFiles/CMakeTmp/testCXXCompiler.cxx
Linking CXX executable cmTC_80fcc
/usr/bin/cmake -E cmake_link_script CMakeFiles/cmTC_80fcc.dir/link.txt --verbose=1
/usr/bin/ccache  g++       CMakeFiles/cmTC_80fcc.dir/testCXXCompiler.cxx.o  -o cmTC_80fcc -rdynamic 
make[1]: Leaving directory '/home/maddocks/kernels/linux-gpd-4.14.14/tools/16ton/mtp_adb/mtp-server/build/CMakeFiles/CMakeTmp'


Detecting CXX compiler ABI info compiled with the following output:
Change Dir: /home/maddocks/kernels/linux-gpd-4.14.14/tools/16ton/mtp_adb/mtp-server/build/CMakeFiles/CMakeTmp

Run Build Command:"/usr/bin/make" "cmTC_60f72/fast"
/usr/bin/make -f CMakeFiles/cmTC_60f72.dir/build.make CMakeFiles/cmTC_60f72.dir/build
make[1]: Entering directory '/home/maddocks/kernels/linux-gpd-4.14.14/tools/16ton/mtp_adb/mtp-server/build/CMakeFiles/CMakeTmp'
Building CXX object CMakeFiles/cmTC_60f72.dir/CMakeCXXCompilerABI.cpp.o
/usr/bin/ccache  g++     -o CMakeFiles/cmTC_60f72.dir/CMakeCXXCompilerABI.cpp.o -c /usr/share/cmake-3.5/Modules/CMakeCXXCompilerABI.cpp
Linking CXX executable cmTC_60f72
/usr/bin/cmake -E cmake_link_script CMakeFiles/cmTC_60f72.dir/link.txt --verbose=1
/usr/bin/ccache  g++      -v CMakeFiles/cmTC_60f72.dir/CMakeCXXCompilerABI.cpp.o  -o cmTC_60f72 -rdynamic  
Using built-in specs.
COLLECT_GCC=/usr/bin/g++
COLLECT_LTO_WRAPPER=/opt/gcc-reptoline/libexec/gcc/x86_64-pc-linux-gnu/7.2.1/lto-wrapper
Target: x86_64-pc-linux-gnu
Configured with: ./configure --enable-lto --program-suffix=-8r --prefix=/opt/gcc-reptoline
Thread model: posix
gcc version 7.2.1 20171218 (GCC) 
COMPILER_PATH=/opt/gcc-reptoline/libexec/gcc/x86_64-pc-linux-gnu/7.2.1/:/opt/gcc-reptoline/libexec/gcc/x86_64-pc-linux-gnu/7.2.1/:/opt/gcc-reptoline/libexec/gcc/x86_64-pc-linux-gnu/:/opt/gcc-reptoline/lib/gcc/x86_64-pc-linux-gnu/7.2.1/:/opt/gcc-reptoline/lib/gcc/x86_64-pc-linux-gnu/
LIBRARY_PATH=/opt/gcc-reptoline/lib/gcc/x86_64-pc-linux-gnu/7.2.1/:/opt/gcc-reptoline/lib/gcc/x86_64-pc-linux-gnu/7.2.1/../../../../lib64/:/lib/x86_64-linux-gnu/:/lib/../lib64/:/usr/lib/x86_64-linux-gnu/:/opt/gcc-reptoline/lib/gcc/x86_64-pc-linux-gnu/7.2.1/../../../:/lib/:/usr/lib/
COLLECT_GCC_OPTIONS='-v' '-o' 'cmTC_60f72' '-rdynamic' '-shared-libgcc' '-mtune=generic' '-march=x86-64'
 /opt/gcc-reptoline/libexec/gcc/x86_64-pc-linux-gnu/7.2.1/collect2 -plugin /opt/gcc-reptoline/libexec/gcc/x86_64-pc-linux-gnu/7.2.1/liblto_plugin.so -plugin-opt=/opt/gcc-reptoline/libexec/gcc/x86_64-pc-linux-gnu/7.2.1/lto-wrapper -plugin-opt=-fresolution=/tmp/ccOJaRcT.res -plugin-opt=-pass-through=-lgcc_s -plugin-opt=-pass-through=-lgcc -plugin-opt=-pass-through=-lc -plugin-opt=-pass-through=-lgcc_s -plugin-opt=-pass-through=-lgcc --eh-frame-hdr -m elf_x86_64 -export-dynamic -dynamic-linker /lib64/ld-linux-x86-64.so.2 -o cmTC_60f72 /usr/lib/x86_64-linux-gnu/crt1.o /usr/lib/x86_64-linux-gnu/crti.o /opt/gcc-reptoline/lib/gcc/x86_64-pc-linux-gnu/7.2.1/crtbegin.o -L/opt/gcc-reptoline/lib/gcc/x86_64-pc-linux-gnu/7.2.1 -L/opt/gcc-reptoline/lib/gcc/x86_64-pc-linux-gnu/7.2.1/../../../../lib64 -L/lib/x86_64-linux-gnu -L/lib/../lib64 -L/usr/lib/x86_64-linux-gnu -L/opt/gcc-reptoline/lib/gcc/x86_64-pc-linux-gnu/7.2.1/../../.. CMakeFiles/cmTC_60f72.dir/CMakeCXXCompilerABI.cpp.o -lstdc++ -lm -lgcc_s -lgcc -lc -lgcc_s -lgcc /opt/gcc-reptoline/lib/gcc/x86_64-pc-linux-gnu/7.2.1/crtend.o /usr/lib/x86_64-linux-gnu/crtn.o
COLLECT_GCC_OPTIONS='-v' '-o' 'cmTC_60f72' '-rdynamic' '-shared-libgcc' '-mtune=generic' '-march=x86-64'
make[1]: Leaving directory '/home/maddocks/kernels/linux-gpd-4.14.14/tools/16ton/mtp_adb/mtp-server/build/CMakeFiles/CMakeTmp'


Parsed CXX implicit link information from above output:
  link line regex: [^( *|.*[/\])(ld|([^/\]+-)?ld|collect2)[^/\]*( |$)]
  ignore line: [Change Dir: /home/maddocks/kernels/linux-gpd-4.14.14/tools/16ton/mtp_adb/mtp-server/build/CMakeFiles/CMakeTmp]
  ignore line: []
  ignore line: [Run Build Command:"/usr/bin/make" "cmTC_60f72/fast"]
  ignore line: [/usr/bin/make -f CMakeFiles/cmTC_60f72.dir/build.make CMakeFiles/cmTC_60f72.dir/build]
  ignore line: [make[1]: Entering directory '/home/maddocks/kernels/linux-gpd-4.14.14/tools/16ton/mtp_adb/mtp-server/build/CMakeFiles/CMakeTmp']
  ignore line: [Building CXX object CMakeFiles/cmTC_60f72.dir/CMakeCXXCompilerABI.cpp.o]
  ignore line: [/usr/bin/ccache  g++     -o CMakeFiles/cmTC_60f72.dir/CMakeCXXCompilerABI.cpp.o -c /usr/share/cmake-3.5/Modules/CMakeCXXCompilerABI.cpp]
  ignore line: [Linking CXX executable cmTC_60f72]
  ignore line: [/usr/bin/cmake -E cmake_link_script CMakeFiles/cmTC_60f72.dir/link.txt --verbose=1]
  ignore line: [/usr/bin/ccache  g++      -v CMakeFiles/cmTC_60f72.dir/CMakeCXXCompilerABI.cpp.o  -o cmTC_60f72 -rdynamic  ]
  ignore line: [Using built-in specs.]
  ignore line: [COLLECT_GCC=/usr/bin/g++]
  ignore line: [COLLECT_LTO_WRAPPER=/opt/gcc-reptoline/libexec/gcc/x86_64-pc-linux-gnu/7.2.1/lto-wrapper]
  ignore line: [Target: x86_64-pc-linux-gnu]
  ignore line: [Configured with: ./configure --enable-lto --program-suffix=-8r --prefix=/opt/gcc-reptoline]
  ignore line: [Thread model: posix]
  ignore line: [gcc version 7.2.1 20171218 (GCC) ]
  ignore line: [COMPILER_PATH=/opt/gcc-reptoline/libexec/gcc/x86_64-pc-linux-gnu/7.2.1/:/opt/gcc-reptoline/libexec/gcc/x86_64-pc-linux-gnu/7.2.1/:/opt/gcc-reptoline/libexec/gcc/x86_64-pc-linux-gnu/:/opt/gcc-reptoline/lib/gcc/x86_64-pc-linux-gnu/7.2.1/:/opt/gcc-reptoline/lib/gcc/x86_64-pc-linux-gnu/]
  ignore line: [LIBRARY_PATH=/opt/gcc-reptoline/lib/gcc/x86_64-pc-linux-gnu/7.2.1/:/opt/gcc-reptoline/lib/gcc/x86_64-pc-linux-gnu/7.2.1/../../../../lib64/:/lib/x86_64-linux-gnu/:/lib/../lib64/:/usr/lib/x86_64-linux-gnu/:/opt/gcc-reptoline/lib/gcc/x86_64-pc-linux-gnu/7.2.1/../../../:/lib/:/usr/lib/]
  ignore line: [COLLECT_GCC_OPTIONS='-v' '-o' 'cmTC_60f72' '-rdynamic' '-shared-libgcc' '-mtune=generic' '-march=x86-64']
  link line: [ /opt/gcc-reptoline/libexec/gcc/x86_64-pc-linux-gnu/7.2.1/collect2 -plugin /opt/gcc-reptoline/libexec/gcc/x86_64-pc-linux-gnu/7.2.1/liblto_plugin.so -plugin-opt=/opt/gcc-reptoline/libexec/gcc/x86_64-pc-linux-gnu/7.2.1/lto-wrapper -plugin-opt=-fresolution=/tmp/ccOJaRcT.res -plugin-opt=-pass-through=-lgcc_s -plugin-opt=-pass-through=-lgcc -plugin-opt=-pass-through=-lc -plugin-opt=-pass-through=-lgcc_s -plugin-opt=-pass-through=-lgcc --eh-frame-hdr -m elf_x86_64 -export-dynamic -dynamic-linker /lib64/ld-linux-x86-64.so.2 -o cmTC_60f72 /usr/lib/x86_64-linux-gnu/crt1.o /usr/lib/x86_64-linux-gnu/crti.o /opt/gcc-reptoline/lib/gcc/x86_64-pc-linux-gnu/7.2.1/crtbegin.o -L/opt/gcc-reptoline/lib/gcc/x86_64-pc-linux-gnu/7.2.1 -L/opt/gcc-reptoline/lib/gcc/x86_64-pc-linux-gnu/7.2.1/../../../../lib64 -L/lib/x86_64-linux-gnu -L/lib/../lib64 -L/usr/lib/x86_64-linux-gnu -L/opt/gcc-reptoline/lib/gcc/x86_64-pc-linux-gnu/7.2.1/../../.. CMakeFiles/cmTC_60f72.dir/CMakeCXXCompilerABI.cpp.o -lstdc++ -lm -lgcc_s -lgcc -lc -lgcc_s -lgcc /opt/gcc-reptoline/lib/gcc/x86_64-pc-linux-gnu/7.2.1/crtend.o /usr/lib/x86_64-linux-gnu/crtn.o]
    arg [/opt/gcc-reptoline/libexec/gcc/x86_64-pc-linux-gnu/7.2.1/collect2] ==> ignore
    arg [-plugin] ==> ignore
    arg [/opt/gcc-reptoline/libexec/gcc/x86_64-pc-linux-gnu/7.2.1/liblto_plugin.so] ==> ignore
    arg [-plugin-opt=/opt/gcc-reptoline/libexec/gcc/x86_64-pc-linux-gnu/7.2.1/lto-wrapper] ==> ignore
    arg [-plugin-opt=-fresolution=/tmp/ccOJaRcT.res] ==> ignore
    arg [-plugin-opt=-pass-through=-lgcc_s] ==> ignore
    arg [-plugin-opt=-pass-through=-lgcc] ==> ignore
    arg [-plugin-opt=-pass-through=-lc] ==> ignore
    arg [-plugin-opt=-pass-through=-lgcc_s] ==> ignore
    arg [-plugin-opt=-pass-through=-lgcc] ==> ignore
    arg [--eh-frame-hdr] ==> ignore
    arg [-m] ==> ignore
    arg [elf_x86_64] ==> ignore
    arg [-export-dynamic] ==> ignore
    arg [-dynamic-linker] ==> ignore
    arg [/lib64/ld-linux-x86-64.so.2] ==> ignore
    arg [-o] ==> ignore
    arg [cmTC_60f72] ==> ignore
    arg [/usr/lib/x86_64-linux-gnu/crt1.o] ==> ignore
    arg [/usr/lib/x86_64-linux-gnu/crti.o] ==> ignore
    arg [/opt/gcc-reptoline/lib/gcc/x86_64-pc-linux-gnu/7.2.1/crtbegin.o] ==> ignore
    arg [-L/opt/gcc-reptoline/lib/gcc/x86_64-pc-linux-gnu/7.2.1] ==> dir [/opt/gcc-reptoline/lib/gcc/x86_64-pc-linux-gnu/7.2.1]
    arg [-L/opt/gcc-reptoline/lib/gcc/x86_64-pc-linux-gnu/7.2.1/../../../../lib64] ==> dir [/opt/gcc-reptoline/lib/gcc/x86_64-pc-linux-gnu/7.2.1/../../../../lib64]
    arg [-L/lib/x86_64-linux-gnu] ==> dir [/lib/x86_64-linux-gnu]
    arg [-L/lib/../lib64] ==> dir [/lib/../lib64]
    arg [-L/usr/lib/x86_64-linux-gnu] ==> dir [/usr/lib/x86_64-linux-gnu]
    arg [-L/opt/gcc-reptoline/lib/gcc/x86_64-pc-linux-gnu/7.2.1/../../..] ==> dir [/opt/gcc-reptoline/lib/gcc/x86_64-pc-linux-gnu/7.2.1/../../..]
    arg [CMakeFiles/cmTC_60f72.dir/CMakeCXXCompilerABI.cpp.o] ==> ignore
    arg [-lstdc++] ==> lib [stdc++]
    arg [-lm] ==> lib [m]
    arg [-lgcc_s] ==> lib [gcc_s]
    arg [-lgcc] ==> lib [gcc]
    arg [-lc] ==> lib [c]
    arg [-lgcc_s] ==> lib [gcc_s]
    arg [-lgcc] ==> lib [gcc]
    arg [/opt/gcc-reptoline/lib/gcc/x86_64-pc-linux-gnu/7.2.1/crtend.o] ==> ignore
    arg [/usr/lib/x86_64-linux-gnu/crtn.o] ==> ignore
  remove lib [gcc_s]
  remove lib [gcc]
  remove lib [gcc_s]
  remove lib [gcc]
  collapse library dir [/opt/gcc-reptoline/lib/gcc/x86_64-pc-linux-gnu/7.2.1] ==> [/opt/gcc-reptoline/lib/gcc/x86_64-pc-linux-gnu/7.2.1]
  collapse library dir [/opt/gcc-reptoline/lib/gcc/x86_64-pc-linux-gnu/7.2.1/../../../../lib64] ==> [/opt/gcc-reptoline/lib64]
  collapse library dir [/lib/x86_64-linux-gnu] ==> [/lib/x86_64-linux-gnu]
  collapse library dir [/lib/../lib64] ==> [/lib64]
  collapse library dir [/usr/lib/x86_64-linux-gnu] ==> [/usr/lib/x86_64-linux-gnu]
  collapse library dir [/opt/gcc-reptoline/lib/gcc/x86_64-pc-linux-gnu/7.2.1/../../..] ==> [/opt/gcc-reptoline/lib]
  implicit libs: [stdc++;m;c]
  implicit dirs: [/opt/gcc-reptoline/lib/gcc/x86_64-pc-linux-gnu/7.2.1;/opt/gcc-reptoline/lib64;/lib/x86_64-linux-gnu;/lib64;/usr/lib/x86_64-linux-gnu;/opt/gcc-reptoline/lib]
  implicit fwks: []




Detecting CXX [-std=c++14] compiler features compiled with the following output:
Change Dir: /home/maddocks/kernels/linux-gpd-4.14.14/tools/16ton/mtp_adb/mtp-server/build/CMakeFiles/CMakeTmp

Run Build Command:"/usr/bin/make" "cmTC_b6682/fast"
/usr/bin/make -f CMakeFiles/cmTC_b6682.dir/build.make CMakeFiles/cmTC_b6682.dir/build
make[1]: Entering directory '/home/maddocks/kernels/linux-gpd-4.14.14/tools/16ton/mtp_adb/mtp-server/build/CMakeFiles/CMakeTmp'
Building CXX object CMakeFiles/cmTC_b6682.dir/feature_tests.cxx.o
/usr/bin/ccache  g++    -std=c++14 -o CMakeFiles/cmTC_b6682.dir/feature_tests.cxx.o -c /home/maddocks/kernels/linux-gpd-4.14.14/tools/16ton/mtp_adb/mtp-server/build/CMakeFiles/feature_tests.cxx
Linking CXX executable cmTC_b6682
/usr/bin/cmake -E cmake_link_script CMakeFiles/cmTC_b6682.dir/link.txt --verbose=1
/usr/bin/ccache  g++       CMakeFiles/cmTC_b6682.dir/feature_tests.cxx.o  -o cmTC_b6682 -rdynamic 
make[1]: Leaving directory '/home/maddocks/kernels/linux-gpd-4.14.14/tools/16ton/mtp_adb/mtp-server/build/CMakeFiles/CMakeTmp'


    Feature record: CXX_FEATURE:1cxx_aggregate_default_initializers
    Feature record: CXX_FEATURE:1cxx_alias_templates
    Feature record: CXX_FEATURE:1cxx_alignas
    Feature record: CXX_FEATURE:1cxx_alignof
    Feature record: CXX_FEATURE:1cxx_attributes
    Feature record: CXX_FEATURE:1cxx_attribute_deprecated
    Feature record: CXX_FEATURE:1cxx_auto_type
    Feature record: CXX_FEATURE:1cxx_binary_literals
    Feature record: CXX_FEATURE:1cxx_constexpr
    Feature record: CXX_FEATURE:1cxx_contextual_conversions
    Feature record: CXX_FEATURE:1cxx_decltype
    Feature record: CXX_FEATURE:1cxx_decltype_auto
    Feature record: CXX_FEATURE:1cxx_decltype_incomplete_return_types
    Feature record: CXX_FEATURE:1cxx_default_function_template_args
    Feature record: CXX_FEATURE:1cxx_defaulted_functions
    Feature record: CXX_FEATURE:1cxx_defaulted_move_initializers
    Feature record: CXX_FEATURE:1cxx_delegating_constructors
    Feature record: CXX_FEATURE:1cxx_deleted_functions
    Feature record: CXX_FEATURE:1cxx_digit_separators
    Feature record: CXX_FEATURE:1cxx_enum_forward_declarations
    Feature record: CXX_FEATURE:1cxx_explicit_conversions
    Feature record: CXX_FEATURE:1cxx_extended_friend_declarations
    Feature record: CXX_FEATURE:1cxx_extern_templates
    Feature record: CXX_FEATURE:1cxx_final
    Feature record: CXX_FEATURE:1cxx_func_identifier
    Feature record: CXX_FEATURE:1cxx_generalized_initializers
    Feature record: CXX_FEATURE:1cxx_generic_lambdas
    Feature record: CXX_FEATURE:1cxx_inheriting_constructors
    Feature record: CXX_FEATURE:1cxx_inline_namespaces
    Feature record: CXX_FEATURE:1cxx_lambdas
    Feature record: CXX_FEATURE:1cxx_lambda_init_captures
    Feature record: CXX_FEATURE:1cxx_local_type_template_args
    Feature record: CXX_FEATURE:1cxx_long_long_type
    Feature record: CXX_FEATURE:1cxx_noexcept
    Feature record: CXX_FEATURE:1cxx_nonstatic_member_init
    Feature record: CXX_FEATURE:1cxx_nullptr
    Feature record: CXX_FEATURE:1cxx_override
    Feature record: CXX_FEATURE:1cxx_range_for
    Feature record: CXX_FEATURE:1cxx_raw_string_literals
    Feature record: CXX_FEATURE:1cxx_reference_qualified_functions
    Feature record: CXX_FEATURE:1cxx_relaxed_constexpr
    Feature record: CXX_FEATURE:1cxx_return_type_deduction
    Feature record: CXX_FEATURE:1cxx_right_angle_brackets
    Feature record: CXX_FEATURE:1cxx_rvalue_references
    Feature record: CXX_FEATURE:1cxx_sizeof_member
    Feature record: CXX_FEATURE:1cxx_static_assert
    Feature record: CXX_FEATURE:1cxx_strong_enums
    Feature record: CXX_FEATURE:1cxx_template_template_parameters
    Feature record: CXX_FEATURE:1cxx_thread_local
    Feature record: CXX_FEATURE:1cxx_trailing_return_types
    Feature record: CXX_FEATURE:1cxx_unicode_literals
    Feature record: CXX_FEATURE:1cxx_uniform_initialization
    Feature record: CXX_FEATURE:1cxx_unrestricted_unions
    Feature record: CXX_FEATURE:1cxx_user_literals
    Feature record: CXX_FEATURE:1cxx_variable_templates
    Feature record: CXX_FEATURE:1cxx_variadic_macros
    Feature record: CXX_FEATURE:1cxx_variadic_templates


Detecting CXX [-std=c++11] compiler features compiled with the following output:
Change Dir: /home/maddocks/kernels/linux-gpd-4.14.14/tools/16ton/mtp_adb/mtp-server/build/CMakeFiles/CMakeTmp

Run Build Command:"/usr/bin/make" "cmTC_23e6c/fast"
/usr/bin/make -f CMakeFiles/cmTC_23e6c.dir/build.make CMakeFiles/cmTC_23e6c.dir/build
make[1]: Entering directory '/home/maddocks/kernels/linux-gpd-4.14.14/tools/16ton/mtp_adb/mtp-server/build/CMakeFiles/CMakeTmp'
Building CXX object CMakeFiles/cmTC_23e6c.dir/feature_tests.cxx.o
/usr/bin/ccache  g++    -std=c++11 -o CMakeFiles/cmTC_23e6c.dir/feature_tests.cxx.o -c /home/maddocks/kernels/linux-gpd-4.14.14/tools/16ton/mtp_adb/mtp-server/build/CMakeFiles/feature_tests.cxx
Linking CXX executable cmTC_23e6c
/usr/bin/cmake -E cmake_link_script CMakeFiles/cmTC_23e6c.dir/link.txt --verbose=1
/usr/bin/ccache  g++       CMakeFiles/cmTC_23e6c.dir/feature_tests.cxx.o  -o cmTC_23e6c -rdynamic 
make[1]: Leaving directory '/home/maddocks/kernels/linux-gpd-4.14.14/tools/16ton/mtp_adb/mtp-server/build/CMakeFiles/CMakeTmp'


    Feature record: CXX_FEATURE:0cxx_aggregate_default_initializers
    Feature record: CXX_FEATURE:1cxx_alias_templates
    Feature record: CXX_FEATURE:1cxx_alignas
    Feature record: CXX_FEATURE:1cxx_alignof
    Feature record: CXX_FEATURE:1cxx_attributes
    Feature record: CXX_FEATURE:0cxx_attribute_deprecated
    Feature record: CXX_FEATURE:1cxx_auto_type
    Feature record: CXX_FEATURE:0cxx_binary_literals
    Feature record: CXX_FEATURE:1cxx_constexpr
    Feature record: CXX_FEATURE:0cxx_contextual_conversions
    Feature record: CXX_FEATURE:1cxx_decltype
    Feature record: CXX_FEATURE:0cxx_decltype_auto
    Feature record: CXX_FEATURE:1cxx_decltype_incomplete_return_types
    Feature record: CXX_FEATURE:1cxx_default_function_template_args
    Feature record: CXX_FEATURE:1cxx_defaulted_functions
    Feature record: CXX_FEATURE:1cxx_defaulted_move_initializers
    Feature record: CXX_FEATURE:1cxx_delegating_constructors
    Feature record: CXX_FEATURE:1cxx_deleted_functions
    Feature record: CXX_FEATURE:0cxx_digit_separators
    Feature record: CXX_FEATURE:1cxx_enum_forward_declarations
    Feature record: CXX_FEATURE:1cxx_explicit_conversions
    Feature record: CXX_FEATURE:1cxx_extended_friend_declarations
    Feature record: CXX_FEATURE:1cxx_extern_templates
    Feature record: CXX_FEATURE:1cxx_final
    Feature record: CXX_FEATURE:1cxx_func_identifier
    Feature record: CXX_FEATURE:1cxx_generalized_initializers
    Feature record: CXX_FEATURE:0cxx_generic_lambdas
    Feature record: CXX_FEATURE:1cxx_inheriting_constructors
    Feature record: CXX_FEATURE:1cxx_inline_namespaces
    Feature record: CXX_FEATURE:1cxx_lambdas
    Feature record: CXX_FEATURE:0cxx_lambda_init_captures
    Feature record: CXX_FEATURE:1cxx_local_type_template_args
    Feature record: CXX_FEATURE:1cxx_long_long_type
    Feature record: CXX_FEATURE:1cxx_noexcept
    Feature record: CXX_FEATURE:1cxx_nonstatic_member_init
    Feature record: CXX_FEATURE:1cxx_nullptr
    Feature record: CXX_FEATURE:1cxx_override
    Feature record: CXX_FEATURE:1cxx_range_for
    Feature record: CXX_FEATURE:1cxx_raw_string_literals
    Feature record: CXX_FEATURE:1cxx_reference_qualified_functions
    Feature record: CXX_FEATURE:0cxx_relaxed_constexpr
    Feature record: CXX_FEATURE:0cxx_return_type_deduction
    Feature record: CXX_FEATURE:1cxx_right_angle_brackets
    Feature record: CXX_FEATURE:1cxx_rvalue_references
    Feature record: CXX_FEATURE:1cxx_sizeof_member
    Feature record: CXX_FEATURE:1cxx_static_assert
    Feature record: CXX_FEATURE:1cxx_strong_enums
    Feature record: CXX_FEATURE:1cxx_template_template_parameters
    Feature record: CXX_FEATURE:1cxx_thread_local
    Feature record: CXX_FEATURE:1cxx_trailing_return_types
    Feature record: CXX_FEATURE:1cxx_unicode_literals
    Feature record: CXX_FEATURE:1cxx_uniform_initialization
    Feature record: CXX_FEATURE:1cxx_unrestricted_unions
    Feature record: CXX_FEATURE:1cxx_user_literals
    Feature record: CXX_FEATURE:0cxx_variable_templates
    Feature record: CXX_FEATURE:1cxx_variadic_macros
    Feature record: CXX_FEATURE:1cxx_variadic_templates


Detecting CXX [-std=c++98] compiler features compiled with the following output:
Change Dir: /home/maddocks/kernels/linux-gpd-4.14.14/tools/16ton/mtp_adb/mtp-server/build/CMakeFiles/CMakeTmp

Run Build Command:"/usr/bin/make" "cmTC_89df9/fast"
/usr/bin/make -f CMakeFiles/cmTC_89df9.dir/build.make CMakeFiles/cmTC_89df9.dir/build
make[1]: Entering directory '/home/maddocks/kernels/linux-gpd-4.14.14/tools/16ton/mtp_adb/mtp-server/build/CMakeFiles/CMakeTmp'
Building CXX object CMakeFiles/cmTC_89df9.dir/feature_tests.cxx.o
/usr/bin/ccache  g++    -std=c++98 -o CMakeFiles/cmTC_89df9.dir/feature_tests.cxx.o -c /home/maddocks/kernels/linux-gpd-4.14.14/tools/16ton/mtp_adb/mtp-server/build/CMakeFiles/feature_tests.cxx
Linking CXX executable cmTC_89df9
/usr/bin/cmake -E cmake_link_script CMakeFiles/cmTC_89df9.dir/link.txt --verbose=1
/usr/bin/ccache  g++       CMakeFiles/cmTC_89df9.dir/feature_tests.cxx.o  -o cmTC_89df9 -rdynamic 
make[1]: Leaving directory '/home/maddocks/kernels/linux-gpd-4.14.14/tools/16ton/mtp_adb/mtp-server/build/CMakeFiles/CMakeTmp'


    Feature record: CXX_FEATURE:0cxx_aggregate_default_initializers
    Feature record: CXX_FEATURE:0cxx_alias_templates
    Feature record: CXX_FEATURE:0cxx_alignas
    Feature record: CXX_FEATURE:0cxx_alignof
    Feature record: CXX_FEATURE:0cxx_attributes
    Feature record: CXX_FEATURE:0cxx_attribute_deprecated
    Feature record: CXX_FEATURE:0cxx_auto_type
    Feature record: CXX_FEATURE:0cxx_binary_literals
    Feature record: CXX_FEATURE:0cxx_constexpr
    Feature record: CXX_FEATURE:0cxx_contextual_conversions
    Feature record: CXX_FEATURE:0cxx_decltype
    Feature record: CXX_FEATURE:0cxx_decltype_auto
    Feature record: CXX_FEATURE:0cxx_decltype_incomplete_return_types
    Feature record: CXX_FEATURE:0cxx_default_function_template_args
    Feature record: CXX_FEATURE:0cxx_defaulted_functions
    Feature record: CXX_FEATURE:0cxx_defaulted_move_initializers
    Feature record: CXX_FEATURE:0cxx_delegating_constructors
    Feature record: CXX_FEATURE:0cxx_deleted_functions
    Feature record: CXX_FEATURE:0cxx_digit_separators
    Feature record: CXX_FEATURE:0cxx_enum_forward_declarations
    Feature record: CXX_FEATURE:0cxx_explicit_conversions
    Feature record: CXX_FEATURE:0cxx_extended_friend_declarations
    Feature record: CXX_FEATURE:0cxx_extern_templates
    Feature record: CXX_FEATURE:0cxx_final
    Feature record: CXX_FEATURE:0cxx_func_identifier
    Feature record: CXX_FEATURE:0cxx_generalized_initializers
    Feature record: CXX_FEATURE:0cxx_generic_lambdas
    Feature record: CXX_FEATURE:0cxx_inheriting_constructors
    Feature record: CXX_FEATURE:0cxx_inline_namespaces
    Feature record: CXX_FEATURE:0cxx_lambdas
    Feature record: CXX_FEATURE:0cxx_lambda_init_captures
    Feature record: CXX_FEATURE:0cxx_local_type_template_args
    Feature record: CXX_FEATURE:0cxx_long_long_type
    Feature record: CXX_FEATURE:0cxx_noexcept
    Feature record: CXX_FEATURE:0cxx_nonstatic_member_init
    Feature record: CXX_FEATURE:0cxx_nullptr
    Feature record: CXX_FEATURE:0cxx_override
    Feature record: CXX_FEATURE:0cxx_range_for
    Feature record: CXX_FEATURE:0cxx_raw_string_literals
    Feature record: CXX_FEATURE:0cxx_reference_qualified_functions
    Feature record: CXX_FEATURE:0cxx_relaxed_constexpr
    Feature record: CXX_FEATURE:0cxx_return_type_deduction
    Feature record: CXX_FEATURE:0cxx_right_angle_brackets
    Feature record: CXX_FEATURE:0cxx_rvalue_references
    Feature record: CXX_FEATURE:0cxx_sizeof_member
    Feature record: CXX_FEATURE:0cxx_static_assert
    Feature record: CXX_FEATURE:0cxx_strong_enums
    Feature record: CXX_FEATURE:1cxx_template_template_parameters
    Feature record: CXX_FEATURE:0cxx_thread_local
    Feature record: CXX_FEATURE:0cxx_trailing_return_types
    Feature record: CXX_FEATURE:0cxx_unicode_literals
    Feature record: CXX_FEATURE:0cxx_uniform_initialization
    Feature record: CXX_FEATURE:0cxx_unrestricted_unions
    Feature record: CXX_FEATURE:0cxx_user_literals
    Feature record: CXX_FEATURE:0cxx_variable_templates
    Feature record: CXX_FEATURE:0cxx_variadic_macros
    Feature record: CXX_FEATURE:0cxx_variadic_templates
Determining if the include file pthread.h exists passed with the following output:
Change Dir: /home/maddocks/kernels/linux-gpd-4.14.14/tools/16ton/mtp_adb/mtp-server/build/CMakeFiles/CMakeTmp

Run Build Command:"/usr/bin/make" "cmTC_31066/fast"
/usr/bin/make -f CMakeFiles/cmTC_31066.dir/build.make CMakeFiles/cmTC_31066.dir/build
make[1]: Entering directory '/home/maddocks/kernels/linux-gpd-4.14.14/tools/16ton/mtp_adb/mtp-server/build/CMakeFiles/CMakeTmp'
Building C object CMakeFiles/cmTC_31066.dir/CheckIncludeFile.c.o
/usr/bin/ccache  gcc    -o CMakeFiles/cmTC_31066.dir/CheckIncludeFile.c.o   -c /home/maddocks/kernels/linux-gpd-4.14.14/tools/16ton/mtp_adb/mtp-server/build/CMakeFiles/CMakeTmp/CheckIncludeFile.c
Linking C executable cmTC_31066
/usr/bin/cmake -E cmake_link_script CMakeFiles/cmTC_31066.dir/link.txt --verbose=1
/usr/bin/ccache  gcc      CMakeFiles/cmTC_31066.dir/CheckIncludeFile.c.o  -o cmTC_31066 -rdynamic 
make[1]: Leaving directory '/home/maddocks/kernels/linux-gpd-4.14.14/tools/16ton/mtp_adb/mtp-server/build/CMakeFiles/CMakeTmp'


Determining if the function pthread_create exists in the pthread passed with the following output:
Change Dir: /home/maddocks/kernels/linux-gpd-4.14.14/tools/16ton/mtp_adb/mtp-server/build/CMakeFiles/CMakeTmp

Run Build Command:"/usr/bin/make" "cmTC_85e2e/fast"
/usr/bin/make -f CMakeFiles/cmTC_85e2e.dir/build.make CMakeFiles/cmTC_85e2e.dir/build
make[1]: Entering directory '/home/maddocks/kernels/linux-gpd-4.14.14/tools/16ton/mtp_adb/mtp-server/build/CMakeFiles/CMakeTmp'
Building C object CMakeFiles/cmTC_85e2e.dir/CheckFunctionExists.c.o
/usr/bin/ccache  gcc   -DCHECK_FUNCTION_EXISTS=pthread_create   -o CMakeFiles/cmTC_85e2e.dir/CheckFunctionExists.c.o   -c /usr/share/cmake-3.5/Modules/CheckFunctionExists.c
Linking C executable cmTC_85e2e
/usr/bin/cmake -E cmake_link_script CMakeFiles/cmTC_85e2e.dir/link.txt --verbose=1
/usr/bin/ccache  gcc  -DCHECK_FUNCTION_EXISTS=pthread_create    CMakeFiles/cmTC_85e2e.dir/CheckFunctionExists.c.o  -o cmTC_85e2e -rdynamic -lpthread 
make[1]: Leaving directory '/home/maddocks/kernels/linux-gpd-4.14.14/tools/16ton/mtp_adb/mtp-server/build/CMakeFiles/CMakeTmp'


