Determining if the pthread_create exist failed with the following output:
Change Dir: /sdcard/mtp-0.0.4+16.04.20160413/build/CMakeFiles/CMakeTmp

Run Build Command:"/usr/bin/make" "cmTC_349ed/fast"
/usr/bin/make -f CMakeFiles/cmTC_349ed.dir/build.make CMakeFiles/cmTC_349ed.dir/build
make[1]: Entering directory '/sdcard/mtp-0.0.4+16.04.20160413/build/CMakeFiles/CMakeTmp'
Building C object CMakeFiles/cmTC_349ed.dir/CheckSymbolExists.c.o
/usr/bin/cc     -o CMakeFiles/cmTC_349ed.dir/CheckSymbolExists.c.o   -c /sdcard/mtp-0.0.4+16.04.20160413/build/CMakeFiles/CMakeTmp/CheckSymbolExists.c
Linking C executable cmTC_349ed
/usr/bin/cmake -E cmake_link_script CMakeFiles/cmTC_349ed.dir/link.txt --verbose=1
/usr/bin/cc       CMakeFiles/cmTC_349ed.dir/CheckSymbolExists.c.o  -o cmTC_349ed -rdynamic 
CMakeFiles/cmTC_349ed.dir/CheckSymbolExists.c.o: In function `main':
CheckSymbolExists.c:(.text+0x1b): undefined reference to `pthread_create'
collect2: error: ld returned 1 exit status
CMakeFiles/cmTC_349ed.dir/build.make:97: recipe for target 'cmTC_349ed' failed
make[1]: *** [cmTC_349ed] Error 1
make[1]: Leaving directory '/sdcard/mtp-0.0.4+16.04.20160413/build/CMakeFiles/CMakeTmp'
Makefile:126: recipe for target 'cmTC_349ed/fast' failed
make: *** [cmTC_349ed/fast] Error 2

File /sdcard/mtp-0.0.4+16.04.20160413/build/CMakeFiles/CMakeTmp/CheckSymbolExists.c:
/* */
#include <pthread.h>

int main(int argc, char** argv)
{
  (void)argv;
#ifndef pthread_create
  return ((int*)(&pthread_create))[argc];
#else
  (void)argc;
  return 0;
#endif
}

Determining if the function pthread_create exists in the pthreads failed with the following output:
Change Dir: /sdcard/mtp-0.0.4+16.04.20160413/build/CMakeFiles/CMakeTmp

Run Build Command:"/usr/bin/make" "cmTC_b9d92/fast"
/usr/bin/make -f CMakeFiles/cmTC_b9d92.dir/build.make CMakeFiles/cmTC_b9d92.dir/build
make[1]: Entering directory '/sdcard/mtp-0.0.4+16.04.20160413/build/CMakeFiles/CMakeTmp'
Building C object CMakeFiles/cmTC_b9d92.dir/CheckFunctionExists.c.o
/usr/bin/cc    -DCHECK_FUNCTION_EXISTS=pthread_create   -o CMakeFiles/cmTC_b9d92.dir/CheckFunctionExists.c.o   -c /usr/share/cmake-3.7/Modules/CheckFunctionExists.c
Linking C executable cmTC_b9d92
/usr/bin/cmake -E cmake_link_script CMakeFiles/cmTC_b9d92.dir/link.txt --verbose=1
/usr/bin/cc   -DCHECK_FUNCTION_EXISTS=pthread_create    CMakeFiles/cmTC_b9d92.dir/CheckFunctionExists.c.o  -o cmTC_b9d92 -rdynamic -lpthreads 
/usr/bin/ld: cannot find -lpthreads
collect2: error: ld returned 1 exit status
CMakeFiles/cmTC_b9d92.dir/build.make:97: recipe for target 'cmTC_b9d92' failed
make[1]: *** [cmTC_b9d92] Error 1
make[1]: Leaving directory '/sdcard/mtp-0.0.4+16.04.20160413/build/CMakeFiles/CMakeTmp'
Makefile:126: recipe for target 'cmTC_b9d92/fast' failed
make: *** [cmTC_b9d92/fast] Error 2


