This file contains any messages produced by compilers while
running configure, to aid debugging if configure makes a mistake.

It was created by libdlo configure 0.1.2, which was
generated by GNU Autoconf 2.63.  Invocation command line was

  $ ./configure 

## --------- ##
## Platform. ##
## --------- ##

hostname = maddocks-Q552UB
uname -m = x86_64
uname -r = 4.8.11-hipower-plain
uname -s = Linux
uname -v = #8 SMP Fri Feb 10 23:34:37 EST 2017

/usr/bin/uname -p = unknown
/bin/uname -X     = unknown

/bin/arch              = unknown
/usr/bin/arch -k       = unknown
/usr/convex/getsysinfo = unknown
/usr/bin/hostinfo      = unknown
/bin/machine           = unknown
/usr/bin/oslevel       = unknown
/bin/universe          = unknown

PATH: /opt/shashlik/bin
PATH: /opt/vlc/lib
PATH: /home/maddocks/bin/nrf-connect
PATH: /opt/gtkdialog/gtk2/bin
PATH: /opt/gtkdialog/gtk3/bin
PATH: /opt/java/jdk1.6.0_45/bin
PATH: /opt/freenect/bin
PATH: /opt/mx5000/bin
PATH: /opt/neardal/bin
PATH: /opt/hackrf/kalibrate/bin
PATH: /opt/hackrf/bin
PATH: /opt/SP_Flash_Tool_v5.17
PATH: /opt/dpf/st2205u/st2205term-0.10
PATH: /opt/dpf/ax206/ax206term
PATH: /opt/dpf/ax206/mini-dpf-AX206-fb/playusb
PATH: /opt/dpf/ax206/mini-dpf-AX206-fb/spfb
PATH: /opt/disk-img-tools
PATH: /opt/android-tools
PATH: /opt/shashlik/bin
PATH: /opt/vlc/lib
PATH: /home/maddocks/bin/nrf-connect
PATH: /opt/gtkdialog/gtk2/bin
PATH: /opt/gtkdialog/gtk3/bin
PATH: /opt/java/jdk1.6.0_45/bin
PATH: /opt/freenect/bin
PATH: /opt/mx5000/bin
PATH: /opt/neardal/bin
PATH: /opt/hackrf/kalibrate/bin
PATH: /opt/hackrf/bin
PATH: /opt/SP_Flash_Tool_v5.17
PATH: /opt/dpf/st2205u/st2205term-0.10
PATH: /opt/dpf/ax206/ax206term
PATH: /opt/dpf/ax206/mini-dpf-AX206-fb/playusb
PATH: /opt/dpf/ax206/mini-dpf-AX206-fb/spfb
PATH: /opt/disk-img-tools
PATH: /opt/android-tools
PATH: /opt/shashlik/bin
PATH: /opt/vlc/lib
PATH: /home/maddocks/bin/nrf-connect
PATH: /opt/gtkdialog/gtk2/bin
PATH: /opt/gtkdialog/gtk3/bin
PATH: /opt/java/jdk1.6.0_45/bin
PATH: /opt/freenect/bin
PATH: /opt/mx5000/bin
PATH: /opt/neardal/bin
PATH: /opt/hackrf/kalibrate/bin
PATH: /opt/hackrf/bin
PATH: /opt/SP_Flash_Tool_v5.17
PATH: /opt/dpf/st2205u/st2205term-0.10
PATH: /opt/dpf/ax206/ax206term
PATH: /opt/dpf/ax206/mini-dpf-AX206-fb/playusb
PATH: /opt/dpf/ax206/mini-dpf-AX206-fb/spfb
PATH: /opt/disk-img-tools
PATH: /opt/android-tools
PATH: /home/maddocks/bin
PATH: /opt/shashlik/bin
PATH: /opt/vlc/lib
PATH: /home/maddocks/bin/nrf-connect
PATH: /opt/gtkdialog/gtk2/bin
PATH: /opt/gtkdialog/gtk3/bin
PATH: /opt/java/jdk1.6.0_45/bin
PATH: /opt/freenect/bin
PATH: /opt/mx5000/bin
PATH: /opt/neardal/bin
PATH: /opt/hackrf/kalibrate/bin
PATH: /opt/hackrf/bin
PATH: /opt/SP_Flash_Tool_v5.17
PATH: /opt/dpf/st2205u/st2205term-0.10
PATH: /opt/dpf/ax206/ax206term
PATH: /opt/dpf/ax206/mini-dpf-AX206-fb/playusb
PATH: /opt/dpf/ax206/mini-dpf-AX206-fb/spfb
PATH: /opt/disk-img-tools
PATH: /opt/android-tools
PATH: /usr/local/sbin
PATH: /usr/local/bin
PATH: /usr/sbin
PATH: /usr/bin
PATH: /sbin
PATH: /bin
PATH: /usr/games
PATH: /usr/local/games
PATH: /snap/bin


## ----------- ##
## Core tests. ##
## ----------- ##

configure:2068: checking for a BSD-compatible install
configure:2136: result: /usr/bin/install -c
configure:2147: checking whether build environment is sane
configure:2190: result: yes
configure:2215: checking for a thread-safe mkdir -p
configure:2254: result: /bin/mkdir -p
configure:2267: checking for gawk
configure:2283: found /usr/bin/gawk
configure:2294: result: gawk
configure:2305: checking whether make sets $(MAKE)
configure:2327: result: yes
configure:2524: checking for style of include used by make
configure:2552: result: GNU
configure:2622: checking for gcc
configure:2649: result: ccache gcc
configure:2881: checking for C compiler version
configure:2889: ccache gcc --version >&5
gcc (Ubuntu 5.4.0-6ubuntu1~16.04.4) 5.4.0 20160609
Copyright (C) 2015 Free Software Foundation, Inc.
This is free software; see the source for copying conditions.  There is NO
warranty; not even for MERCHANTABILITY or FITNESS FOR A PARTICULAR PURPOSE.

configure:2893: $? = 0
configure:2900: ccache gcc -v >&5
Using built-in specs.
COLLECT_GCC=/usr/bin/gcc
COLLECT_LTO_WRAPPER=/usr/lib/gcc/x86_64-linux-gnu/5/lto-wrapper
Target: x86_64-linux-gnu
Configured with: ../src/configure -v --with-pkgversion='Ubuntu 5.4.0-6ubuntu1~16.04.4' --with-bugurl=file:///usr/share/doc/gcc-5/README.Bugs --enable-languages=c,ada,c++,java,go,d,fortran,objc,obj-c++ --prefix=/usr --program-suffix=-5 --enable-shared --enable-linker-build-id --libexecdir=/usr/lib --without-included-gettext --enable-threads=posix --libdir=/usr/lib --enable-nls --with-sysroot=/ --enable-clocale=gnu --enable-libstdcxx-debug --enable-libstdcxx-time=yes --with-default-libstdcxx-abi=new --enable-gnu-unique-object --disable-vtable-verify --enable-libmpx --enable-plugin --with-system-zlib --disable-browser-plugin --enable-java-awt=gtk --enable-gtk-cairo --with-java-home=/usr/lib/jvm/java-1.5.0-gcj-5-amd64/jre --enable-java-home --with-jvm-root-dir=/usr/lib/jvm/java-1.5.0-gcj-5-amd64 --with-jvm-jar-dir=/usr/lib/jvm-exports/java-1.5.0-gcj-5-amd64 --with-arch-directory=amd64 --with-ecj-jar=/usr/share/java/eclipse-ecj.jar --enable-objc-gc --enable-multiarch --disable-werror --with-arch-32=i686 --with-abi=m64 --with-multilib-list=m32,m64,mx32 --enable-multilib --with-tune=generic --enable-checking=release --build=x86_64-linux-gnu --host=x86_64-linux-gnu --target=x86_64-linux-gnu
Thread model: posix
gcc version 5.4.0 20160609 (Ubuntu 5.4.0-6ubuntu1~16.04.4) 
configure:2904: $? = 0
configure:2911: ccache gcc -V >&5
gcc: error: unrecognized command line option '-V'
gcc: fatal error: no input files
compilation terminated.
configure:2915: $? = 1
configure:2938: checking for C compiler default output file name
configure:2960: ccache gcc    conftest.c  >&5
configure:2964: $? = 0
configure:3002: result: a.out
configure:3021: checking whether the C compiler works
configure:3031: ./a.out
configure:3035: $? = 0
configure:3054: result: yes
configure:3061: checking whether we are cross compiling
configure:3063: result: no
configure:3066: checking for suffix of executables
configure:3073: ccache gcc -o conftest    conftest.c  >&5
configure:3077: $? = 0
configure:3103: result: 
configure:3109: checking for suffix of object files
configure:3135: ccache gcc -c   conftest.c >&5
configure:3139: $? = 0
configure:3164: result: o
configure:3168: checking whether we are using the GNU C compiler
configure:3197: ccache gcc -c   conftest.c >&5
configure:3204: $? = 0
configure:3221: result: yes
configure:3230: checking whether ccache gcc accepts -g
configure:3260: ccache gcc -c -g  conftest.c >&5
configure:3267: $? = 0
configure:3368: result: yes
configure:3385: checking for ccache gcc option to accept ISO C89
configure:3459: ccache gcc  -c -g -O2  conftest.c >&5
configure:3466: $? = 0
configure:3489: result: none needed
configure:3509: checking dependency style of ccache gcc
configure:3600: result: gcc3
configure:3621: checking how to run the C preprocessor
configure:3661: ccache gcc -E  conftest.c
configure:3668: $? = 0
configure:3699: ccache gcc -E  conftest.c
conftest.c:10:28: fatal error: ac_nonexistent.h: No such file or directory
compilation terminated.
configure:3706: $? = 1
configure: failed program was:
| /* confdefs.h.  */
| #define PACKAGE_NAME "libdlo"
| #define PACKAGE_TARNAME "libdlo"
| #define PACKAGE_VERSION "0.1.2"
| #define PACKAGE_STRING "libdlo 0.1.2"
| #define PACKAGE_BUGREPORT "libdlo@displaylink.com"
| #define PACKAGE "libdlo"
| #define VERSION "0.1.2"
| /* end confdefs.h.  */
| #include <ac_nonexistent.h>
configure:3739: result: ccache gcc -E
configure:3768: ccache gcc -E  conftest.c
configure:3775: $? = 0
configure:3806: ccache gcc -E  conftest.c
conftest.c:10:28: fatal error: ac_nonexistent.h: No such file or directory
compilation terminated.
configure:3813: $? = 1
configure: failed program was:
| /* confdefs.h.  */
| #define PACKAGE_NAME "libdlo"
| #define PACKAGE_TARNAME "libdlo"
| #define PACKAGE_VERSION "0.1.2"
| #define PACKAGE_STRING "libdlo 0.1.2"
| #define PACKAGE_BUGREPORT "libdlo@displaylink.com"
| #define PACKAGE "libdlo"
| #define VERSION "0.1.2"
| /* end confdefs.h.  */
| #include <ac_nonexistent.h>
configure:3853: checking for grep that handles long lines and -e
configure:3913: result: /bin/grep
configure:3918: checking for egrep
configure:3982: result: /bin/grep -E
configure:3987: checking for ANSI C header files
configure:4017: ccache gcc -c -g -O2  conftest.c >&5
configure:4024: $? = 0
configure:4123: ccache gcc -o conftest -g -O2   conftest.c  >&5
configure:4127: $? = 0
configure:4133: ./conftest
configure:4137: $? = 0
configure:4155: result: yes
configure:4179: checking for sys/types.h
configure:4200: ccache gcc -c -g -O2  conftest.c >&5
configure:4207: $? = 0
configure:4224: result: yes
configure:4179: checking for sys/stat.h
configure:4200: ccache gcc -c -g -O2  conftest.c >&5
configure:4207: $? = 0
configure:4224: result: yes
configure:4179: checking for stdlib.h
configure:4200: ccache gcc -c -g -O2  conftest.c >&5
configure:4207: $? = 0
configure:4224: result: yes
configure:4179: checking for string.h
configure:4200: ccache gcc -c -g -O2  conftest.c >&5
configure:4207: $? = 0
configure:4224: result: yes
configure:4179: checking for memory.h
configure:4200: ccache gcc -c -g -O2  conftest.c >&5
configure:4207: $? = 0
configure:4224: result: yes
configure:4179: checking for strings.h
configure:4200: ccache gcc -c -g -O2  conftest.c >&5
configure:4207: $? = 0
configure:4224: result: yes
configure:4179: checking for inttypes.h
configure:4200: ccache gcc -c -g -O2  conftest.c >&5
configure:4207: $? = 0
configure:4224: result: yes
configure:4179: checking for stdint.h
configure:4200: ccache gcc -c -g -O2  conftest.c >&5
configure:4207: $? = 0
configure:4224: result: yes
configure:4179: checking for unistd.h
configure:4200: ccache gcc -c -g -O2  conftest.c >&5
configure:4207: $? = 0
configure:4224: result: yes
configure:4249: checking minix/config.h usability
configure:4266: ccache gcc -c -g -O2  conftest.c >&5
conftest.c:53:26: fatal error: minix/config.h: No such file or directory
compilation terminated.
configure:4273: $? = 1
configure: failed program was:
| /* confdefs.h.  */
| #define PACKAGE_NAME "libdlo"
| #define PACKAGE_TARNAME "libdlo"
| #define PACKAGE_VERSION "0.1.2"
| #define PACKAGE_STRING "libdlo 0.1.2"
| #define PACKAGE_BUGREPORT "libdlo@displaylink.com"
| #define PACKAGE "libdlo"
| #define VERSION "0.1.2"
| #define STDC_HEADERS 1
| #define HAVE_SYS_TYPES_H 1
| #define HAVE_SYS_STAT_H 1
| #define HAVE_STDLIB_H 1
| #define HAVE_STRING_H 1
| #define HAVE_MEMORY_H 1
| #define HAVE_STRINGS_H 1
| #define HAVE_INTTYPES_H 1
| #define HAVE_STDINT_H 1
| #define HAVE_UNISTD_H 1
| /* end confdefs.h.  */
| #include <stdio.h>
| #ifdef HAVE_SYS_TYPES_H
| # include <sys/types.h>
| #endif
| #ifdef HAVE_SYS_STAT_H
| # include <sys/stat.h>
| #endif
| #ifdef STDC_HEADERS
| # include <stdlib.h>
| # include <stddef.h>
| #else
| # ifdef HAVE_STDLIB_H
| #  include <stdlib.h>
| # endif
| #endif
| #ifdef HAVE_STRING_H
| # if !defined STDC_HEADERS && defined HAVE_MEMORY_H
| #  include <memory.h>
| # endif
| # include <string.h>
| #endif
| #ifdef HAVE_STRINGS_H
| # include <strings.h>
| #endif
| #ifdef HAVE_INTTYPES_H
| # include <inttypes.h>
| #endif
| #ifdef HAVE_STDINT_H
| # include <stdint.h>
| #endif
| #ifdef HAVE_UNISTD_H
| # include <unistd.h>
| #endif
| #include <minix/config.h>
configure:4287: result: no
configure:4291: checking minix/config.h presence
configure:4306: ccache gcc -E  conftest.c
conftest.c:20:26: fatal error: minix/config.h: No such file or directory
compilation terminated.
configure:4313: $? = 1
configure: failed program was:
| /* confdefs.h.  */
| #define PACKAGE_NAME "libdlo"
| #define PACKAGE_TARNAME "libdlo"
| #define PACKAGE_VERSION "0.1.2"
| #define PACKAGE_STRING "libdlo 0.1.2"
| #define PACKAGE_BUGREPORT "libdlo@displaylink.com"
| #define PACKAGE "libdlo"
| #define VERSION "0.1.2"
| #define STDC_HEADERS 1
| #define HAVE_SYS_TYPES_H 1
| #define HAVE_SYS_STAT_H 1
| #define HAVE_STDLIB_H 1
| #define HAVE_STRING_H 1
| #define HAVE_MEMORY_H 1
| #define HAVE_STRINGS_H 1
| #define HAVE_INTTYPES_H 1
| #define HAVE_STDINT_H 1
| #define HAVE_UNISTD_H 1
| /* end confdefs.h.  */
| #include <minix/config.h>
configure:4327: result: no
configure:4360: checking for minix/config.h
configure:4367: result: no
configure:4398: checking whether it is safe to define __EXTENSIONS__
configure:4426: ccache gcc -c -g -O2  conftest.c >&5
configure:4433: $? = 0
configure:4448: result: yes
configure:4525: checking for gcc
configure:4552: result: ccache gcc
configure:4784: checking for C compiler version
configure:4792: ccache gcc --version >&5
gcc (Ubuntu 5.4.0-6ubuntu1~16.04.4) 5.4.0 20160609
Copyright (C) 2015 Free Software Foundation, Inc.
This is free software; see the source for copying conditions.  There is NO
warranty; not even for MERCHANTABILITY or FITNESS FOR A PARTICULAR PURPOSE.

configure:4796: $? = 0
configure:4803: ccache gcc -v >&5
Using built-in specs.
COLLECT_GCC=/usr/bin/gcc
COLLECT_LTO_WRAPPER=/usr/lib/gcc/x86_64-linux-gnu/5/lto-wrapper
Target: x86_64-linux-gnu
Configured with: ../src/configure -v --with-pkgversion='Ubuntu 5.4.0-6ubuntu1~16.04.4' --with-bugurl=file:///usr/share/doc/gcc-5/README.Bugs --enable-languages=c,ada,c++,java,go,d,fortran,objc,obj-c++ --prefix=/usr --program-suffix=-5 --enable-shared --enable-linker-build-id --libexecdir=/usr/lib --without-included-gettext --enable-threads=posix --libdir=/usr/lib --enable-nls --with-sysroot=/ --enable-clocale=gnu --enable-libstdcxx-debug --enable-libstdcxx-time=yes --with-default-libstdcxx-abi=new --enable-gnu-unique-object --disable-vtable-verify --enable-libmpx --enable-plugin --with-system-zlib --disable-browser-plugin --enable-java-awt=gtk --enable-gtk-cairo --with-java-home=/usr/lib/jvm/java-1.5.0-gcj-5-amd64/jre --enable-java-home --with-jvm-root-dir=/usr/lib/jvm/java-1.5.0-gcj-5-amd64 --with-jvm-jar-dir=/usr/lib/jvm-exports/java-1.5.0-gcj-5-amd64 --with-arch-directory=amd64 --with-ecj-jar=/usr/share/java/eclipse-ecj.jar --enable-objc-gc --enable-multiarch --disable-werror --with-arch-32=i686 --with-abi=m64 --with-multilib-list=m32,m64,mx32 --enable-multilib --with-tune=generic --enable-checking=release --build=x86_64-linux-gnu --host=x86_64-linux-gnu --target=x86_64-linux-gnu
Thread model: posix
gcc version 5.4.0 20160609 (Ubuntu 5.4.0-6ubuntu1~16.04.4) 
configure:4807: $? = 0
configure:4814: ccache gcc -V >&5
gcc: error: unrecognized command line option '-V'
gcc: fatal error: no input files
compilation terminated.
configure:4818: $? = 1
configure:4821: checking whether we are using the GNU C compiler
configure:4874: result: yes
configure:4883: checking whether ccache gcc accepts -g
configure:5021: result: yes
configure:5038: checking for ccache gcc option to accept ISO C89
configure:5142: result: none needed
configure:5162: checking dependency style of ccache gcc
configure:5253: result: gcc3
configure:5299: checking build system type
configure:5317: result: x86_64-unknown-linux-gnu
configure:5339: checking host system type
configure:5354: result: x86_64-unknown-linux-gnu
configure:5376: checking for a sed that does not truncate output
configure:5442: result: /bin/sed
configure:5460: checking for fgrep
configure:5524: result: /bin/grep -F
configure:5559: checking for ld used by ccache gcc
configure:5626: result: /usr/bin/ld
configure:5635: checking if the linker (/usr/bin/ld) is GNU ld
configure:5650: result: yes
configure:5662: checking for BSD- or MS-compatible name lister (nm)
configure:5711: result: /usr/bin/nm -B
configure:5829: checking the name lister (/usr/bin/nm -B) interface
configure:5836: ccache gcc -c -g -O2  conftest.c >&5
configure:5839: /usr/bin/nm -B "conftest.o"
configure:5842: output
0000000000000000 B some_variable
configure:5849: result: BSD nm
configure:5852: checking whether ln -s works
configure:5856: result: yes
configure:5864: checking the maximum length of command line arguments
configure:5984: result: 1572864
configure:6001: checking whether the shell understands some XSI constructs
configure:6011: result: yes
configure:6015: checking whether the shell understands "+="
configure:6021: result: yes
configure:6056: checking for /usr/bin/ld option to reload object files
configure:6063: result: -r
configure:6132: checking for objdump
configure:6148: found /usr/bin/objdump
configure:6159: result: objdump
configure:6191: checking how to recognize dependent libraries
configure:6387: result: pass_all
configure:6447: checking for ar
configure:6463: found /usr/bin/ar
configure:6474: result: ar
configure:6552: checking for strip
configure:6568: found /usr/bin/strip
configure:6579: result: strip
configure:6651: checking for ranlib
configure:6667: found /usr/bin/ranlib
configure:6678: result: ranlib
configure:6768: checking command to parse /usr/bin/nm -B output from ccache gcc object
configure:6886: ccache gcc -c -g -O2  conftest.c >&5
configure:6889: $? = 0
configure:6893: /usr/bin/nm -B conftest.o \| sed -n -e 's/^.*[	 ]\([ABCDGIRSTW][ABCDGIRSTW]*\)[	 ][	 ]*\([_A-Za-z][_A-Za-z0-9]*\)$/\1 \2 \2/p' \> conftest.nm
configure:6896: $? = 0
configure:6950: ccache gcc -o conftest -g -O2   conftest.c conftstm.o >&5
configure:6953: $? = 0
configure:6991: result: ok
configure:7086: ccache gcc -c -g -O2  conftest.c >&5
configure:7089: $? = 0
configure:7856: checking for dlfcn.h
configure:7877: ccache gcc -c -g -O2  conftest.c >&5
configure:7884: $? = 0
configure:7901: result: yes
configure:8087: checking for objdir
configure:8102: result: .libs
configure:8398: checking if ccache gcc supports -fno-rtti -fno-exceptions
configure:8416: ccache gcc -c -g -O2  -fno-rtti -fno-exceptions conftest.c >&5
cc1: warning: command line option '-fno-rtti' is valid for C++/ObjC++ but not for C
cc1: warning: command line option '-fno-rtti' is valid for C++/ObjC++ but not for C
configure:8420: $? = 0
configure:8433: result: no
configure:8453: checking for ccache gcc option to produce PIC
configure:8725: result: -fPIC -DPIC
configure:8737: checking if ccache gcc PIC flag -fPIC -DPIC works
configure:8755: ccache gcc -c -g -O2  -fPIC -DPIC -DPIC conftest.c >&5
configure:8759: $? = 0
configure:8772: result: yes
configure:8796: checking if ccache gcc static flag -static works
configure:8824: result: yes
configure:8839: checking if ccache gcc supports -c -o file.o
configure:8860: ccache gcc -c -g -O2  -o out/conftest2.o conftest.c >&5
configure:8864: $? = 0
configure:8886: result: yes
configure:8894: checking if ccache gcc supports -c -o file.o
configure:8941: result: yes
configure:8974: checking whether the ccache gcc linker (/usr/bin/ld -m elf_x86_64) supports shared libraries
configure:10049: result: yes
configure:10086: checking whether -lc should be explicitly linked in
configure:10091: ccache gcc -c -g -O2  conftest.c >&5
configure:10094: $? = 0
configure:10109: ccache gcc -shared conftest.o  -v -Wl,-soname -Wl,conftest -o conftest 2\>\&1 \| /bin/grep  -lc  \>/dev/null 2\>\&1
configure:10112: $? = 0
configure:10124: result: no
configure:10288: checking dynamic linker characteristics
configure:10731: ccache gcc -o conftest -g -O2   -Wl,-rpath -Wl,/foo conftest.c  >&5
configure:10738: $? = 0
configure:10983: result: GNU/Linux ld.so
configure:11085: checking how to hardcode library paths into programs
configure:11110: result: immediate
configure:11943: checking whether stripping libraries is possible
configure:11948: result: yes
configure:11983: checking if libtool supports shared libraries
configure:11985: result: yes
configure:11988: checking whether to build shared libraries
configure:12009: result: yes
configure:12012: checking whether to build static libraries
configure:12016: result: yes
configure:12072: checking for stdint.h
configure:12079: result: yes
configure:12072: checking for stdlib.h
configure:12079: result: yes
configure:12072: checking for string.h
configure:12079: result: yes
configure:12083: checking usb.h usability
configure:12100: ccache gcc -c -g -O2  conftest.c >&5
configure:12107: $? = 0
configure:12121: result: yes
configure:12125: checking usb.h presence
configure:12140: ccache gcc -E  conftest.c
configure:12147: $? = 0
configure:12161: result: yes
configure:12194: checking for usb.h
configure:12203: result: yes
configure:12220: checking for stdbool.h that conforms to C99
configure:12315: ccache gcc -c -g -O2  conftest.c >&5
configure:12322: $? = 0
configure:12337: result: yes
configure:12339: checking for _Bool
configure:12367: ccache gcc -c -g -O2  conftest.c >&5
configure:12374: $? = 0
configure:12401: ccache gcc -c -g -O2  conftest.c >&5
conftest.c: In function 'main':
conftest.c:67:20: error: expected expression before ')' token
 if (sizeof ((_Bool)))
                    ^
configure:12408: $? = 1
configure: failed program was:
| /* confdefs.h.  */
| #define PACKAGE_NAME "libdlo"
| #define PACKAGE_TARNAME "libdlo"
| #define PACKAGE_VERSION "0.1.2"
| #define PACKAGE_STRING "libdlo 0.1.2"
| #define PACKAGE_BUGREPORT "libdlo@displaylink.com"
| #define PACKAGE "libdlo"
| #define VERSION "0.1.2"
| #define STDC_HEADERS 1
| #define HAVE_SYS_TYPES_H 1
| #define HAVE_SYS_STAT_H 1
| #define HAVE_STDLIB_H 1
| #define HAVE_STRING_H 1
| #define HAVE_MEMORY_H 1
| #define HAVE_STRINGS_H 1
| #define HAVE_INTTYPES_H 1
| #define HAVE_STDINT_H 1
| #define HAVE_UNISTD_H 1
| #define __EXTENSIONS__ 1
| #define _ALL_SOURCE 1
| #define _GNU_SOURCE 1
| #define _POSIX_PTHREAD_SEMANTICS 1
| #define _TANDEM_SOURCE 1
| #define HAVE_DLFCN_H 1
| #define LT_OBJDIR ".libs/"
| #define HAVE_STDINT_H 1
| #define HAVE_STDLIB_H 1
| #define HAVE_STRING_H 1
| #define HAVE_USB_H 1
| /* end confdefs.h.  */
| #include <stdio.h>
| #ifdef HAVE_SYS_TYPES_H
| # include <sys/types.h>
| #endif
| #ifdef HAVE_SYS_STAT_H
| # include <sys/stat.h>
| #endif
| #ifdef STDC_HEADERS
| # include <stdlib.h>
| # include <stddef.h>
| #else
| # ifdef HAVE_STDLIB_H
| #  include <stdlib.h>
| # endif
| #endif
| #ifdef HAVE_STRING_H
| # if !defined STDC_HEADERS && defined HAVE_MEMORY_H
| #  include <memory.h>
| # endif
| # include <string.h>
| #endif
| #ifdef HAVE_STRINGS_H
| # include <strings.h>
| #endif
| #ifdef HAVE_INTTYPES_H
| # include <inttypes.h>
| #endif
| #ifdef HAVE_STDINT_H
| # include <stdint.h>
| #endif
| #ifdef HAVE_UNISTD_H
| # include <unistd.h>
| #endif
| int
| main ()
| {
| if (sizeof ((_Bool)))
| 	  return 0;
|   ;
|   return 0;
| }
configure:12431: result: yes
configure:12450: checking for inline
configure:12476: ccache gcc -c -g -O2  conftest.c >&5
configure:12483: $? = 0
configure:12501: result: inline
configure:12521: checking for int32_t
configure:12552: ccache gcc -c -g -O2  conftest.c >&5
configure:12559: $? = 0
configure:12588: ccache gcc -c -g -O2  conftest.c >&5
conftest.c: In function 'main':
conftest.c:70:53: warning: integer overflow in expression [-Woverflow]
    < (int32_t) ((((int32_t) 1 << (32 - 2)) - 1) * 2 + 2))];
                                                     ^
conftest.c:69:12: error: storage size of 'test_array' isn't constant
 static int test_array [1 - 2 * !((int32_t) ((((int32_t) 1 << (32 - 2)) - 1) * 2 + 1)
            ^
configure:12595: $? = 1
configure: failed program was:
| /* confdefs.h.  */
| #define PACKAGE_NAME "libdlo"
| #define PACKAGE_TARNAME "libdlo"
| #define PACKAGE_VERSION "0.1.2"
| #define PACKAGE_STRING "libdlo 0.1.2"
| #define PACKAGE_BUGREPORT "libdlo@displaylink.com"
| #define PACKAGE "libdlo"
| #define VERSION "0.1.2"
| #define STDC_HEADERS 1
| #define HAVE_SYS_TYPES_H 1
| #define HAVE_SYS_STAT_H 1
| #define HAVE_STDLIB_H 1
| #define HAVE_STRING_H 1
| #define HAVE_MEMORY_H 1
| #define HAVE_STRINGS_H 1
| #define HAVE_INTTYPES_H 1
| #define HAVE_STDINT_H 1
| #define HAVE_UNISTD_H 1
| #define __EXTENSIONS__ 1
| #define _ALL_SOURCE 1
| #define _GNU_SOURCE 1
| #define _POSIX_PTHREAD_SEMANTICS 1
| #define _TANDEM_SOURCE 1
| #define HAVE_DLFCN_H 1
| #define LT_OBJDIR ".libs/"
| #define HAVE_STDINT_H 1
| #define HAVE_STDLIB_H 1
| #define HAVE_STRING_H 1
| #define HAVE_USB_H 1
| #define HAVE__BOOL 1
| #define HAVE_STDBOOL_H 1
| /* end confdefs.h.  */
| #include <stdio.h>
| #ifdef HAVE_SYS_TYPES_H
| # include <sys/types.h>
| #endif
| #ifdef HAVE_SYS_STAT_H
| # include <sys/stat.h>
| #endif
| #ifdef STDC_HEADERS
| # include <stdlib.h>
| # include <stddef.h>
| #else
| # ifdef HAVE_STDLIB_H
| #  include <stdlib.h>
| # endif
| #endif
| #ifdef HAVE_STRING_H
| # if !defined STDC_HEADERS && defined HAVE_MEMORY_H
| #  include <memory.h>
| # endif
| # include <string.h>
| #endif
| #ifdef HAVE_STRINGS_H
| # include <strings.h>
| #endif
| #ifdef HAVE_INTTYPES_H
| # include <inttypes.h>
| #endif
| #ifdef HAVE_STDINT_H
| # include <stdint.h>
| #endif
| #ifdef HAVE_UNISTD_H
| # include <unistd.h>
| #endif
| int
| main ()
| {
| static int test_array [1 - 2 * !((int32_t) ((((int32_t) 1 << (32 - 2)) - 1) * 2 + 1)
| 		 < (int32_t) ((((int32_t) 1 << (32 - 2)) - 1) * 2 + 2))];
| test_array [0] = 0
| 
|   ;
|   return 0;
| }
configure:12624: result: yes
configure:12636: checking for size_t
configure:12664: ccache gcc -c -g -O2  conftest.c >&5
configure:12671: $? = 0
configure:12698: ccache gcc -c -g -O2  conftest.c >&5
conftest.c: In function 'main':
conftest.c:69:21: error: expected expression before ')' token
 if (sizeof ((size_t)))
                     ^
configure:12705: $? = 1
configure: failed program was:
| /* confdefs.h.  */
| #define PACKAGE_NAME "libdlo"
| #define PACKAGE_TARNAME "libdlo"
| #define PACKAGE_VERSION "0.1.2"
| #define PACKAGE_STRING "libdlo 0.1.2"
| #define PACKAGE_BUGREPORT "libdlo@displaylink.com"
| #define PACKAGE "libdlo"
| #define VERSION "0.1.2"
| #define STDC_HEADERS 1
| #define HAVE_SYS_TYPES_H 1
| #define HAVE_SYS_STAT_H 1
| #define HAVE_STDLIB_H 1
| #define HAVE_STRING_H 1
| #define HAVE_MEMORY_H 1
| #define HAVE_STRINGS_H 1
| #define HAVE_INTTYPES_H 1
| #define HAVE_STDINT_H 1
| #define HAVE_UNISTD_H 1
| #define __EXTENSIONS__ 1
| #define _ALL_SOURCE 1
| #define _GNU_SOURCE 1
| #define _POSIX_PTHREAD_SEMANTICS 1
| #define _TANDEM_SOURCE 1
| #define HAVE_DLFCN_H 1
| #define LT_OBJDIR ".libs/"
| #define HAVE_STDINT_H 1
| #define HAVE_STDLIB_H 1
| #define HAVE_STRING_H 1
| #define HAVE_USB_H 1
| #define HAVE__BOOL 1
| #define HAVE_STDBOOL_H 1
| /* end confdefs.h.  */
| #include <stdio.h>
| #ifdef HAVE_SYS_TYPES_H
| # include <sys/types.h>
| #endif
| #ifdef HAVE_SYS_STAT_H
| # include <sys/stat.h>
| #endif
| #ifdef STDC_HEADERS
| # include <stdlib.h>
| # include <stddef.h>
| #else
| # ifdef HAVE_STDLIB_H
| #  include <stdlib.h>
| # endif
| #endif
| #ifdef HAVE_STRING_H
| # if !defined STDC_HEADERS && defined HAVE_MEMORY_H
| #  include <memory.h>
| # endif
| # include <string.h>
| #endif
| #ifdef HAVE_STRINGS_H
| # include <strings.h>
| #endif
| #ifdef HAVE_INTTYPES_H
| # include <inttypes.h>
| #endif
| #ifdef HAVE_STDINT_H
| # include <stdint.h>
| #endif
| #ifdef HAVE_UNISTD_H
| # include <unistd.h>
| #endif
| int
| main ()
| {
| if (sizeof ((size_t)))
| 	  return 0;
|   ;
|   return 0;
| }
configure:12728: result: yes
configure:12741: checking for uint16_t
configure:12772: ccache gcc -c -g -O2  conftest.c >&5
configure:12779: $? = 0
configure:12800: result: yes
configure:12814: checking for uint32_t
configure:12845: ccache gcc -c -g -O2  conftest.c >&5
configure:12852: $? = 0
configure:12873: result: yes
configure:12891: checking for uint64_t
configure:12922: ccache gcc -c -g -O2  conftest.c >&5
configure:12929: $? = 0
configure:12950: result: yes
configure:12968: checking for uint8_t
configure:12999: ccache gcc -c -g -O2  conftest.c >&5
configure:13006: $? = 0
configure:13027: result: yes
configure:13047: checking for usb_open in -lusb
configure:13082: ccache gcc -o conftest -g -O2   conftest.c -lusb   >&5
configure:13089: $? = 0
configure:13110: result: yes
configure:13121: checking for usb_get_driver_np
configure:13177: ccache gcc -o conftest -g -O2   conftest.c -lusb  >&5
configure:13184: $? = 0
configure:13204: result: yes
configure:13214: checking for usb_get_configuration
configure:13270: ccache gcc -o conftest -g -O2   conftest.c -lusb  >&5
/tmp/cc7tXzYg.o: In function `main':
/home/maddocks/Desktop/HARDWARE_tiny_digital_picture_frame/newer/libdlo-0.1.2/conftest.c:68: undefined reference to `usb_get_configuration'
collect2: error: ld returned 1 exit status
configure:13277: $? = 1
configure: failed program was:
| /* confdefs.h.  */
| #define PACKAGE_NAME "libdlo"
| #define PACKAGE_TARNAME "libdlo"
| #define PACKAGE_VERSION "0.1.2"
| #define PACKAGE_STRING "libdlo 0.1.2"
| #define PACKAGE_BUGREPORT "libdlo@displaylink.com"
| #define PACKAGE "libdlo"
| #define VERSION "0.1.2"
| #define STDC_HEADERS 1
| #define HAVE_SYS_TYPES_H 1
| #define HAVE_SYS_STAT_H 1
| #define HAVE_STDLIB_H 1
| #define HAVE_STRING_H 1
| #define HAVE_MEMORY_H 1
| #define HAVE_STRINGS_H 1
| #define HAVE_INTTYPES_H 1
| #define HAVE_STDINT_H 1
| #define HAVE_UNISTD_H 1
| #define __EXTENSIONS__ 1
| #define _ALL_SOURCE 1
| #define _GNU_SOURCE 1
| #define _POSIX_PTHREAD_SEMANTICS 1
| #define _TANDEM_SOURCE 1
| #define HAVE_DLFCN_H 1
| #define LT_OBJDIR ".libs/"
| #define HAVE_STDINT_H 1
| #define HAVE_STDLIB_H 1
| #define HAVE_STRING_H 1
| #define HAVE_USB_H 1
| #define HAVE__BOOL 1
| #define HAVE_STDBOOL_H 1
| #define HAVE_LIBUSB 1
| /* end confdefs.h.  */
| /* Define usb_get_configuration to an innocuous variant, in case <limits.h> declares usb_get_configuration.
|    For example, HP-UX 11i <limits.h> declares gettimeofday.  */
| #define usb_get_configuration innocuous_usb_get_configuration
| 
| /* System header to define __stub macros and hopefully few prototypes,
|     which can conflict with char usb_get_configuration (); below.
|     Prefer <limits.h> to <assert.h> if __STDC__ is defined, since
|     <limits.h> exists even on freestanding compilers.  */
| 
| #ifdef __STDC__
| # include <limits.h>
| #else
| # include <assert.h>
| #endif
| 
| #undef usb_get_configuration
| 
| /* Override any GCC internal prototype to avoid an error.
|    Use char because int might match the return type of a GCC
|    builtin and then its argument prototype would still apply.  */
| #ifdef __cplusplus
| extern "C"
| #endif
| char usb_get_configuration ();
| /* The GNU C library defines this for functions which it implements
|     to always fail with ENOSYS.  Some functions are actually named
|     something starting with __ and the normal name is an alias.  */
| #if defined __stub_usb_get_configuration || defined __stub___usb_get_configuration
| choke me
| #endif
| 
| int
| main ()
| {
| return usb_get_configuration ();
|   ;
|   return 0;
| }
configure:13297: result: no
configure:13310: checking for stdlib.h
configure:13317: result: yes
configure:13456: checking for GNU libc compatible malloc
configure:13490: ccache gcc -o conftest -g -O2   conftest.c -lusb  >&5
configure:13494: $? = 0
configure:13500: ./conftest
configure:13504: $? = 0
configure:13521: result: yes
configure:13554: checking for stdlib.h
configure:13561: result: yes
configure:13700: checking for GNU libc compatible realloc
configure:13734: ccache gcc -o conftest -g -O2   conftest.c -lusb  >&5
configure:13738: $? = 0
configure:13744: ./conftest
configure:13748: $? = 0
configure:13765: result: yes
configure:13798: checking for gettimeofday
configure:13854: ccache gcc -o conftest -g -O2   conftest.c -lusb  >&5
configure:13861: $? = 0
configure:13883: result: yes
configure:13798: checking for strchr
configure:13854: ccache gcc -o conftest -g -O2   conftest.c -lusb  >&5
conftest.c:62:6: warning: conflicting types for built-in function 'strchr'
 char strchr ();
      ^
configure:13861: $? = 0
configure:13883: result: yes
configure:14021: creating ./config.status

## ---------------------- ##
## Running config.status. ##
## ---------------------- ##

This file was extended by libdlo config.status 0.1.2, which was
generated by GNU Autoconf 2.63.  Invocation command line was

  CONFIG_FILES    = 
  CONFIG_HEADERS  = 
  CONFIG_LINKS    = 
  CONFIG_COMMANDS = 
  $ ./config.status 

on maddocks-Q552UB

config.status:1004: creating Makefile
config.status:1004: creating src/Makefile
config.status:1004: creating test/Makefile
config.status:1004: creating config.h
config.status:1278: executing depfiles commands
config.status:1278: executing libtool commands
configure:16265: result:
	libdlo 0.1.2
	========

	prefix:			/usr/local
	exec_prefix:		${prefix}
	libdir_name:		${exec_prefix}/lib
	mandir:			${datarootdir}/man
	includedir:		${prefix}/include

	compiler:		ccache gcc
	cflags:			-g -O2
	ldflags:		

	xsltproc:		


## ---------------- ##
## Cache variables. ##
## ---------------- ##

ac_cv_build=x86_64-unknown-linux-gnu
ac_cv_c_compiler_gnu=yes
ac_cv_c_inline=inline
ac_cv_c_int32_t=yes
ac_cv_c_uint16_t=yes
ac_cv_c_uint32_t=yes
ac_cv_c_uint64_t=yes
ac_cv_c_uint8_t=yes
ac_cv_env_CC_set=set
ac_cv_env_CC_value='ccache gcc'
ac_cv_env_CFLAGS_set=
ac_cv_env_CFLAGS_value=
ac_cv_env_CPPFLAGS_set=
ac_cv_env_CPPFLAGS_value=
ac_cv_env_CPP_set=
ac_cv_env_CPP_value=
ac_cv_env_LDFLAGS_set=
ac_cv_env_LDFLAGS_value=
ac_cv_env_LIBS_set=
ac_cv_env_LIBS_value=
ac_cv_env_build_alias_set=
ac_cv_env_build_alias_value=
ac_cv_env_host_alias_set=
ac_cv_env_host_alias_value=
ac_cv_env_target_alias_set=
ac_cv_env_target_alias_value=
ac_cv_func_gettimeofday=yes
ac_cv_func_malloc_0_nonnull=yes
ac_cv_func_realloc_0_nonnull=yes
ac_cv_func_strchr=yes
ac_cv_func_usb_get_configuration=no
ac_cv_func_usb_get_driver_np=yes
ac_cv_header_dlfcn_h=yes
ac_cv_header_inttypes_h=yes
ac_cv_header_memory_h=yes
ac_cv_header_minix_config_h=no
ac_cv_header_stdbool_h=yes
ac_cv_header_stdc=yes
ac_cv_header_stdint_h=yes
ac_cv_header_stdlib_h=yes
ac_cv_header_string_h=yes
ac_cv_header_strings_h=yes
ac_cv_header_sys_stat_h=yes
ac_cv_header_sys_types_h=yes
ac_cv_header_unistd_h=yes
ac_cv_header_usb_h=yes
ac_cv_host=x86_64-unknown-linux-gnu
ac_cv_lib_usb_usb_open=yes
ac_cv_objext=o
ac_cv_path_EGREP='/bin/grep -E'
ac_cv_path_FGREP='/bin/grep -F'
ac_cv_path_GREP=/bin/grep
ac_cv_path_SED=/bin/sed
ac_cv_path_install='/usr/bin/install -c'
ac_cv_path_mkdir=/bin/mkdir
ac_cv_prog_AWK=gawk
ac_cv_prog_CPP='ccache gcc -E'
ac_cv_prog_ac_ct_AR=ar
ac_cv_prog_ac_ct_CC='ccache gcc'
ac_cv_prog_ac_ct_OBJDUMP=objdump
ac_cv_prog_ac_ct_RANLIB=ranlib
ac_cv_prog_ac_ct_STRIP=strip
ac_cv_prog_cc_c89=
ac_cv_prog_cc_g=yes
ac_cv_prog_make_make_set=yes
ac_cv_safe_to_define___extensions__=yes
ac_cv_type__Bool=yes
ac_cv_type_size_t=yes
am_cv_CC_dependencies_compiler_type=gcc3
lt_cv_deplibs_check_method=pass_all
lt_cv_file_magic_cmd='$MAGIC_CMD'
lt_cv_file_magic_test_file=
lt_cv_ld_reload_flag=-r
lt_cv_nm_interface='BSD nm'
lt_cv_objdir=.libs
lt_cv_path_LD=/usr/bin/ld
lt_cv_path_NM='/usr/bin/nm -B'
lt_cv_prog_compiler_c_o=yes
lt_cv_prog_compiler_pic_works=yes
lt_cv_prog_compiler_rtti_exceptions=no
lt_cv_prog_compiler_static_works=yes
lt_cv_prog_gnu_ld=yes
lt_cv_sys_global_symbol_pipe='sed -n -e '\''s/^.*[	 ]\([ABCDGIRSTW][ABCDGIRSTW]*\)[	 ][	 ]*\([_A-Za-z][_A-Za-z0-9]*\)$/\1 \2 \2/p'\'''
lt_cv_sys_global_symbol_to_c_name_address='sed -n -e '\''s/^: \([^ ]*\) $/  {\"\1\", (void *) 0},/p'\'' -e '\''s/^[ABCDGIRSTW]* \([^ ]*\) \([^ ]*\)$/  {"\2", (void *) \&\2},/p'\'''
lt_cv_sys_global_symbol_to_c_name_address_lib_prefix='sed -n -e '\''s/^: \([^ ]*\) $/  {\"\1\", (void *) 0},/p'\'' -e '\''s/^[ABCDGIRSTW]* \([^ ]*\) \(lib[^ ]*\)$/  {"\2", (void *) \&\2},/p'\'' -e '\''s/^[ABCDGIRSTW]* \([^ ]*\) \([^ ]*\)$/  {"lib\2", (void *) \&\2},/p'\'''
lt_cv_sys_global_symbol_to_cdecl='sed -n -e '\''s/^T .* \(.*\)$/extern int \1();/p'\'' -e '\''s/^[ABCDGIRSTW]* .* \(.*\)$/extern char \1;/p'\'''
lt_cv_sys_max_cmd_len=1572864

## ----------------- ##
## Output variables. ##
## ----------------- ##

ACLOCAL='${SHELL} /home/maddocks/Desktop/HARDWARE_tiny_digital_picture_frame/newer/libdlo-0.1.2/config/missing --run aclocal-1.10'
AMDEPBACKSLASH='\'
AMDEP_FALSE='#'
AMDEP_TRUE=''
AMTAR='${SHELL} /home/maddocks/Desktop/HARDWARE_tiny_digital_picture_frame/newer/libdlo-0.1.2/config/missing --run tar'
AR='ar'
AUTOCONF='${SHELL} /home/maddocks/Desktop/HARDWARE_tiny_digital_picture_frame/newer/libdlo-0.1.2/config/missing --run autoconf'
AUTOHEADER='${SHELL} /home/maddocks/Desktop/HARDWARE_tiny_digital_picture_frame/newer/libdlo-0.1.2/config/missing --run autoheader'
AUTOMAKE='${SHELL} /home/maddocks/Desktop/HARDWARE_tiny_digital_picture_frame/newer/libdlo-0.1.2/config/missing --run automake-1.10'
AWK='gawk'
CC='ccache gcc'
CCDEPMODE='depmode=gcc3'
CFLAGS='-g -O2'
CPP='ccache gcc -E'
CPPFLAGS=''
CYGPATH_W='echo'
DEFS='-DHAVE_CONFIG_H'
DEPDIR='.deps'
DSYMUTIL=''
DUMPBIN=''
ECHO_C=''
ECHO_N='-n'
ECHO_T=''
EGREP='/bin/grep -E'
EXEEXT=''
FGREP='/bin/grep -F'
GREP='/bin/grep'
INSTALL_DATA='${INSTALL} -m 644'
INSTALL_PROGRAM='${INSTALL}'
INSTALL_SCRIPT='${INSTALL}'
INSTALL_STRIP_PROGRAM='$(install_sh) -c -s'
LD='/usr/bin/ld -m elf_x86_64'
LDFLAGS=''
LIBDLO_LT_AGE='1'
LIBDLO_LT_CURRENT='1'
LIBDLO_LT_REVISION='0'
LIBOBJS=''
LIBS='-lusb '
LIBTOOL='$(SHELL) $(top_builddir)/libtool'
LIPO=''
LN_S='ln -s'
LTLIBOBJS=''
MAKEINFO='${SHELL} /home/maddocks/Desktop/HARDWARE_tiny_digital_picture_frame/newer/libdlo-0.1.2/config/missing --run makeinfo'
MKDIR_P='/bin/mkdir -p'
NM='/usr/bin/nm -B'
NMEDIT=''
OBJDUMP='objdump'
OBJEXT='o'
OTOOL64=''
OTOOL=''
PACKAGE='libdlo'
PACKAGE_BUGREPORT='libdlo@displaylink.com'
PACKAGE_NAME='libdlo'
PACKAGE_STRING='libdlo 0.1.2'
PACKAGE_TARNAME='libdlo'
PACKAGE_VERSION='0.1.2'
PATH_SEPARATOR=':'
RANLIB='ranlib'
SED='/bin/sed'
SET_MAKE=''
SHELL='/bin/sh'
STRIP='strip'
VERSION='0.1.2'
ac_ct_CC='ccache gcc'
ac_ct_DUMPBIN=''
am__fastdepCC_FALSE='#'
am__fastdepCC_TRUE=''
am__include='include'
am__isrc=''
am__leading_dot='.'
am__quote=''
am__tar='${AMTAR} chof - "$$tardir"'
am__untar='${AMTAR} xf -'
bindir='${exec_prefix}/bin'
build='x86_64-unknown-linux-gnu'
build_alias=''
build_cpu='x86_64'
build_os='linux-gnu'
build_vendor='unknown'
datadir='${datarootdir}'
datarootdir='${prefix}/share'
docdir='${datarootdir}/doc/${PACKAGE_TARNAME}'
dvidir='${docdir}'
exec_prefix='${prefix}'
host='x86_64-unknown-linux-gnu'
host_alias=''
host_cpu='x86_64'
host_os='linux-gnu'
host_vendor='unknown'
htmldir='${docdir}'
includedir='${prefix}/include'
infodir='${datarootdir}/info'
install_sh='$(SHELL) /home/maddocks/Desktop/HARDWARE_tiny_digital_picture_frame/newer/libdlo-0.1.2/config/install-sh'
libdir='${exec_prefix}/lib'
libexecdir='${exec_prefix}/libexec'
localedir='${datarootdir}/locale'
localstatedir='${prefix}/var'
lt_ECHO='echo'
mandir='${datarootdir}/man'
mkdir_p='/bin/mkdir -p'
oldincludedir='/usr/include'
pdfdir='${docdir}'
prefix='/usr/local'
program_transform_name='s,x,x,'
psdir='${docdir}'
sbindir='${exec_prefix}/sbin'
sharedstatedir='${prefix}/com'
sysconfdir='${prefix}/etc'
target_alias=''

## ----------- ##
## confdefs.h. ##
## ----------- ##

#define PACKAGE_NAME "libdlo"
#define PACKAGE_TARNAME "libdlo"
#define PACKAGE_VERSION "0.1.2"
#define PACKAGE_STRING "libdlo 0.1.2"
#define PACKAGE_BUGREPORT "libdlo@displaylink.com"
#define PACKAGE "libdlo"
#define VERSION "0.1.2"
#define STDC_HEADERS 1
#define HAVE_SYS_TYPES_H 1
#define HAVE_SYS_STAT_H 1
#define HAVE_STDLIB_H 1
#define HAVE_STRING_H 1
#define HAVE_MEMORY_H 1
#define HAVE_STRINGS_H 1
#define HAVE_INTTYPES_H 1
#define HAVE_STDINT_H 1
#define HAVE_UNISTD_H 1
#define __EXTENSIONS__ 1
#define _ALL_SOURCE 1
#define _GNU_SOURCE 1
#define _POSIX_PTHREAD_SEMANTICS 1
#define _TANDEM_SOURCE 1
#define HAVE_DLFCN_H 1
#define LT_OBJDIR ".libs/"
#define HAVE_STDINT_H 1
#define HAVE_STDLIB_H 1
#define HAVE_STRING_H 1
#define HAVE_USB_H 1
#define HAVE__BOOL 1
#define HAVE_STDBOOL_H 1
#define HAVE_LIBUSB 1
#define HAVE_STDLIB_H 1
#define HAVE_MALLOC 1
#define HAVE_STDLIB_H 1
#define HAVE_REALLOC 1
#define HAVE_GETTIMEOFDAY 1
#define HAVE_STRCHR 1

configure: exit 0
